<?xml version="1.0" encoding="UTF-8"?>
<coverage generated="1780223340573" clover="3.2.0">
  <project timestamp="1780223340574" name="All files">
    <metrics statements="17" coveredstatements="17" conditionals="15" coveredconditionals="15" methods="2" coveredmethods="2" elements="34" coveredelements="34" complexity="0" loc="17" ncloc="17" packages="1" files="1" classes="1"/>
    <file name="apiVersion.ts" path="C:\Users\DELL\Desktop\10\Fluxora-Backend\src\middleware\apiVersion.ts">
      <metrics statements="17" coveredstatements="17" conditionals="15" coveredconditionals="15" methods="2" coveredmethods="2"/>
      <line num="4" count="1" type="stmt"/>
      <line num="7" count="1" type="stmt"/>
      <line num="16" count="11" type="stmt"/>
      <line num="17" count="11" type="cond" truecount="5" falsecount="0"/>
      <line num="18" count="6" type="stmt"/>
      <line num="20" count="5" type="stmt"/>
      <line num="33" count="13" type="stmt"/>
      <line num="36" count="13" type="cond" truecount="2" falsecount="0"/>
      <line num="39" count="13" type="cond" truecount="4" falsecount="0"/>
      <line num="40" count="2" type="stmt"/>
      <line num="41" count="2" type="stmt"/>
      <line num="44" count="11" type="stmt"/>
      <line num="46" count="11" type="cond" truecount="4" falsecount="0"/>
      <line num="47" count="5" type="stmt"/>
      <line num="51" count="5" type="stmt"/>
      <line num="54" count="6" type="stmt"/>
      <line num="55" count="6" type="stmt"/>
    </file>
  </project>
</coverage>
