<?xml version="1.0" encoding="UTF-8"?>
<coverage generated="1774615940432" clover="3.2.0">
  <project timestamp="1774615940433" name="All files">
    <metrics statements="309" coveredstatements="295" conditionals="117" coveredconditionals="90" methods="45" coveredmethods="41" elements="471" coveredelements="426" complexity="0" loc="309" ncloc="309" packages="4" files="10" classes="10"/>
    <package name="src">
      <metrics statements="66" coveredstatements="61" conditionals="18" coveredconditionals="14" methods="9" coveredmethods="8"/>
      <file name="app.ts" path="C:\Users\USER\Desktop\Github\Fluxora-Backend\src\app.ts">
        <metrics statements="31" coveredstatements="29" conditionals="4" coveredconditionals="3" methods="4" coveredmethods="3"/>
        <line num="1" count="4" type="stmt"/>
        <line num="3" count="4" type="stmt"/>
        <line num="4" count="4" type="stmt"/>
        <line num="5" count="4" type="stmt"/>
        <line num="6" count="4" type="stmt"/>
        <line num="7" count="4" type="stmt"/>
        <line num="8" count="4" type="stmt"/>
        <line num="9" count="4" type="stmt"/>
        <line num="22" count="4" type="cond" truecount="1" falsecount="0"/>
        <line num="23" count="16" type="stmt"/>
        <line num="26" count="16" type="stmt"/>
        <line num="27" count="35" type="stmt"/>
        <line num="28" count="35" type="stmt"/>
        <line num="29" count="35" type="stmt"/>
        <line num="30" count="35" type="stmt"/>
        <line num="33" count="16" type="cond" truecount="2" falsecount="0"/>
        <line num="34" count="16" type="stmt"/>
        <line num="35" count="16" type="stmt"/>
        <line num="36" count="16" type="stmt"/>
        <line num="37" count="16" type="stmt"/>
        <line num="39" count="16" type="stmt"/>
        <line num="40" count="16" type="stmt"/>
        <line num="42" count="16" type="stmt"/>
        <line num="43" count="1" type="stmt"/>
        <line num="50" count="16" type="cond" truecount="0" falsecount="1"/>
        <line num="51" count="0" type="stmt"/>
        <line num="52" count="0" type="stmt"/>
        <line num="56" count="16" type="stmt"/>
        <line num="57" count="16" type="stmt"/>
        <line num="59" count="16" type="stmt"/>
        <line num="62" count="4" type="stmt"/>
      </file>
      <file name="errors.ts" path="C:\Users\USER\Desktop\Github\Fluxora-Backend\src\errors.ts">
        <metrics statements="35" coveredstatements="32" conditionals="14" coveredconditionals="11" methods="5" coveredmethods="5"/>
        <line num="1" count="6" type="stmt"/>
        <line num="3" count="6" type="stmt"/>
        <line num="5" count="6" type="stmt"/>
        <line num="18" count="14" type="stmt"/>
        <line num="19" count="14" type="stmt"/>
        <line num="20" count="14" type="stmt"/>
        <line num="21" count="14" type="stmt"/>
        <line num="22" count="14" type="stmt"/>
        <line num="26" count="6" type="stmt"/>
        <line num="27" count="159" type="cond" truecount="2" falsecount="0"/>
        <line num="28" count="159" type="stmt"/>
        <line num="29" count="159" type="stmt"/>
        <line num="30" count="159" type="stmt"/>
        <line num="33" count="6" type="stmt"/>
        <line num="34" count="5" type="stmt"/>
        <line num="38" count="14" type="stmt"/>
        <line num="40" count="14" type="cond" truecount="1" falsecount="0"/>
        <line num="41" count="2" type="stmt"/>
        <line num="43" count="12" type="cond" truecount="3" falsecount="0"/>
        <line num="44" count="2" type="stmt"/>
        <line num="46" count="10" type="cond" truecount="1" falsecount="0"/>
        <line num="49" count="5" type="cond" truecount="1" falsecount="0"/>
        <line num="50" count="5" type="stmt"/>
        <line num="53" count="0" type="stmt"/>
        <line num="56" count="6" type="stmt"/>
        <line num="62" count="14" type="stmt"/>
        <line num="63" count="14" type="stmt"/>
        <line num="65" count="14" type="stmt"/>
        <line num="75" count="14" type="cond" truecount="1" falsecount="1"/>
        <line num="76" count="0" type="stmt"/>
        <line num="78" count="14" type="stmt"/>
        <line num="81" count="14" type="stmt"/>
        <line num="87" count="14" type="cond" truecount="0" falsecount="1"/>
        <line num="88" count="0" type="stmt"/>
        <line num="91" count="14" type="stmt"/>
      </file>
    </package>
    <package name="src.lib">
      <metrics statements="10" coveredstatements="10" conditionals="4" coveredconditionals="4" methods="5" coveredmethods="5"/>
      <file name="logger.ts" path="C:\Users\USER\Desktop\Github\Fluxora-Backend\src\lib\logger.ts">
        <metrics statements="10" coveredstatements="10" conditionals="4" coveredconditionals="4" methods="5" coveredmethods="5"/>
        <line num="25" count="72" type="stmt"/>
        <line num="32" count="72" type="stmt"/>
        <line num="33" count="72" type="cond" truecount="2" falsecount="0"/>
        <line num="34" count="1" type="stmt"/>
        <line num="36" count="71" type="stmt"/>
        <line num="40" count="10" type="stmt"/>
        <line num="42" count="1" type="stmt"/>
        <line num="45" count="60" type="stmt"/>
        <line num="48" count="10" type="stmt"/>
        <line num="51" count="1" type="stmt"/>
      </file>
    </package>
    <package name="src.middleware">
      <metrics statements="122" coveredstatements="114" conditionals="41" coveredconditionals="25" methods="21" coveredmethods="18"/>
      <file name="correlationId.ts" path="C:\Users\USER\Desktop\Github\Fluxora-Backend\src\middleware\correlationId.ts">
        <metrics statements="8" coveredstatements="8" conditionals="4" coveredconditionals="4" methods="1" coveredmethods="1"/>
        <line num="18" count="6" type="stmt"/>
        <line num="22" count="6" type="stmt"/>
        <line num="24" count="6" type="stmt"/>
        <line num="25" count="159" type="stmt"/>
        <line num="27" count="159" type="cond" truecount="4" falsecount="0"/>
        <line num="31" count="159" type="stmt"/>
        <line num="32" count="159" type="stmt"/>
        <line num="33" count="159" type="stmt"/>
      </file>
      <file name="errorHandler.ts" path="C:\Users\USER\Desktop\Github\Fluxora-Backend\src\middleware\errorHandler.ts">
        <metrics statements="39" coveredstatements="34" conditionals="11" coveredconditionals="5" methods="9" coveredmethods="7"/>
        <line num="2" count="6" type="stmt"/>
        <line num="3" count="6" type="stmt"/>
        <line num="9" count="6" type="cond" truecount="2" falsecount="0"/>
        <line num="10" count="6" type="stmt"/>
        <line num="11" count="6" type="stmt"/>
        <line num="12" count="6" type="stmt"/>
        <line num="13" count="6" type="stmt"/>
        <line num="14" count="6" type="stmt"/>
        <line num="15" count="6" type="stmt"/>
        <line num="16" count="6" type="stmt"/>
        <line num="19" count="6" type="stmt"/>
        <line num="21" count="59" type="stmt"/>
        <line num="23" count="59" type="cond" truecount="0" falsecount="1"/>
        <line num="24" count="59" type="stmt"/>
        <line num="26" count="59" type="stmt"/>
        <line num="27" count="59" type="stmt"/>
        <line num="31" count="6" type="stmt"/>
        <line num="32" count="55" type="stmt"/>
        <line num="33" count="55" type="cond" truecount="0" falsecount="1"/>
        <line num="34" count="0" type="cond" truecount="0" falsecount="2"/>
        <line num="35" count="0" type="stmt"/>
        <line num="36" count="0" type="stmt"/>
        <line num="38" count="55" type="cond" truecount="1" falsecount="0"/>
        <line num="39" count="54" type="stmt"/>
        <line num="40" count="54" type="stmt"/>
        <line num="41" count="54" type="stmt"/>
        <line num="43" count="1" type="cond" truecount="1" falsecount="1"/>
        <line num="44" count="1" type="stmt"/>
        <line num="45" count="1" type="stmt"/>
        <line num="48" count="6" type="stmt"/>
        <line num="49" count="124" type="stmt"/>
        <line num="52" count="6" type="stmt"/>
        <line num="53" count="7" type="cond" truecount="1" falsecount="1"/>
        <line num="56" count="6" type="stmt"/>
        <line num="57" count="33" type="stmt"/>
        <line num="60" count="6" type="stmt"/>
        <line num="61" count="0" type="stmt"/>
        <line num="64" count="6" type="stmt"/>
        <line num="65" count="0" type="stmt"/>
      </file>
      <file name="idempotency.ts" path="C:\Users\USER\Desktop\Github\Fluxora-Backend\src\middleware\idempotency.ts">
        <metrics statements="33" coveredstatements="31" conditionals="14" coveredconditionals="9" methods="5" coveredmethods="4"/>
        <line num="25" count="5" type="stmt"/>
        <line num="26" count="5" type="stmt"/>
        <line num="28" count="5" type="stmt"/>
        <line num="29" count="5" type="stmt"/>
        <line num="30" count="5" type="stmt"/>
        <line num="38" count="13" type="stmt"/>
        <line num="46" count="5" type="stmt"/>
        <line num="51" count="26" type="stmt"/>
        <line num="54" count="26" type="cond" truecount="1" falsecount="0"/>
        <line num="55" count="8" type="stmt"/>
        <line num="56" count="8" type="stmt"/>
        <line num="59" count="18" type="cond" truecount="1" falsecount="1"/>
        <line num="61" count="18" type="cond" truecount="3" falsecount="0"/>
        <line num="62" count="5" type="stmt"/>
        <line num="70" count="5" type="stmt"/>
        <line num="73" count="13" type="stmt"/>
        <line num="74" count="13" type="stmt"/>
        <line num="77" count="13" type="stmt"/>
        <line num="78" count="13" type="stmt"/>
        <line num="79" count="13" type="stmt"/>
        <line num="81" count="13" type="cond" truecount="1" falsecount="0"/>
        <line num="82" count="2" type="stmt"/>
        <line num="86" count="2" type="stmt"/>
        <line num="87" count="2" type="stmt"/>
        <line num="88" count="2" type="stmt"/>
        <line num="92" count="0" type="stmt"/>
        <line num="98" count="11" type="stmt"/>
        <line num="99" count="11" type="stmt"/>
        <line num="101" count="11" type="cond" truecount="3" falsecount="0"/>
        <line num="102" count="7" type="stmt"/>
        <line num="105" count="0" type="stmt"/>
        <line num="110" count="11" type="stmt"/>
        <line num="113" count="11" type="stmt"/>
      </file>
      <file name="rateLimit.ts" path="C:\Users\USER\Desktop\Github\Fluxora-Backend\src\middleware\rateLimit.ts">
        <metrics statements="34" coveredstatements="33" conditionals="12" coveredconditionals="7" methods="4" coveredmethods="4"/>
        <line num="22" count="5" type="stmt"/>
        <line num="23" count="5" type="stmt"/>
        <line num="34" count="5" type="stmt"/>
        <line num="44" count="46" type="stmt"/>
        <line num="45" count="46" type="cond" truecount="1" falsecount="0"/>
        <line num="46" count="8" type="stmt"/>
        <line num="47" count="8" type="cond" truecount="1" falsecount="0"/>
        <line num="49" count="38" type="cond" truecount="1" falsecount="1"/>
        <line num="56" count="46" type="stmt"/>
        <line num="57" count="46" type="stmt"/>
        <line num="66" count="5" type="cond" truecount="0" falsecount="1"/>
        <line num="67" count="38" type="stmt"/>
        <line num="69" count="38" type="stmt"/>
        <line num="74" count="46" type="stmt"/>
        <line num="75" count="46" type="stmt"/>
        <line num="76" count="46" type="cond" truecount="1" falsecount="1"/>
        <line num="78" count="46" type="stmt"/>
        <line num="79" count="46" type="stmt"/>
        <line num="80" count="46" type="cond" truecount="2" falsecount="0"/>
        <line num="82" count="46" type="cond" truecount="1" falsecount="0"/>
        <line num="83" count="9" type="stmt"/>
        <line num="84" count="9" type="stmt"/>
        <line num="85" count="9" type="stmt"/>
        <line num="86" count="9" type="stmt"/>
        <line num="87" count="9" type="stmt"/>
        <line num="89" count="9" type="stmt"/>
        <line num="91" count="9" type="stmt"/>
        <line num="99" count="9" type="stmt"/>
        <line num="103" count="37" type="stmt"/>
        <line num="105" count="37" type="stmt"/>
        <line num="106" count="37" type="stmt"/>
        <line num="107" count="37" type="stmt"/>
        <line num="110" count="0" type="stmt"/>
        <line num="115" count="37" type="stmt"/>
      </file>
      <file name="requestLogger.ts" path="C:\Users\USER\Desktop\Github\Fluxora-Backend\src\middleware\requestLogger.ts">
        <metrics statements="8" coveredstatements="8" conditionals="0" coveredconditionals="0" methods="2" coveredmethods="2"/>
        <line num="12" count="4" type="stmt"/>
        <line num="14" count="4" type="stmt"/>
        <line num="15" count="31" type="stmt"/>
        <line num="16" count="31" type="stmt"/>
        <line num="18" count="31" type="stmt"/>
        <line num="24" count="31" type="stmt"/>
        <line num="25" count="31" type="stmt"/>
        <line num="33" count="31" type="stmt"/>
      </file>
    </package>
    <package name="src.routes">
      <metrics statements="111" coveredstatements="110" conditionals="54" coveredconditionals="47" methods="10" coveredmethods="10"/>
      <file name="health.ts" path="C:\Users\USER\Desktop\Github\Fluxora-Backend\src\routes\health.ts">
        <metrics statements="12" coveredstatements="12" conditionals="6" coveredconditionals="4" methods="1" coveredmethods="1"/>
        <line num="1" count="4" type="stmt"/>
        <line num="3" count="4" type="stmt"/>
        <line num="4" count="4" type="stmt"/>
        <line num="6" count="4" type="stmt"/>
        <line num="17" count="4" type="stmt"/>
        <line num="18" count="18" type="stmt"/>
        <line num="19" count="18" type="cond" truecount="2" falsecount="0"/>
        <line num="22" count="18" type="stmt"/>
        <line num="23" count="18" type="stmt"/>
        <line num="24" count="18" type="cond" truecount="1" falsecount="1"/>
        <line num="26" count="18" type="cond" truecount="1" falsecount="1"/>
        <line num="28" count="18" type="stmt"/>
      </file>
      <file name="streams.ts" path="C:\Users\USER\Desktop\Github\Fluxora-Backend\src\routes\streams.ts">
        <metrics statements="99" coveredstatements="98" conditionals="48" coveredconditionals="43" methods="9" coveredmethods="9"/>
        <line num="1" count="6" type="stmt"/>
        <line num="3" count="6" type="stmt"/>
        <line num="4" count="6" type="stmt"/>
        <line num="5" count="6" type="stmt"/>
        <line num="6" count="6" type="stmt"/>
        <line num="8" count="6" type="stmt"/>
        <line num="10" count="6" type="stmt"/>
        <line num="23" count="6" type="stmt"/>
        <line num="25" count="6" type="stmt"/>
        <line num="28" count="6" type="stmt"/>
        <line num="29" count="158" type="stmt"/>
        <line num="33" count="70" type="cond" truecount="2" falsecount="0"/>
        <line num="36" count="6" type="stmt"/>
        <line num="39" count="25" type="stmt"/>
        <line num="40" count="25" type="stmt"/>
        <line num="41" count="25" type="stmt"/>
        <line num="42" count="25" type="cond" truecount="1" falsecount="0"/>
        <line num="43" count="6" type="stmt"/>
        <line num="44" count="6" type="stmt"/>
        <line num="45" count="6" type="stmt"/>
        <line num="46" count="6" type="stmt"/>
        <line num="48" count="19" type="stmt"/>
        <line num="49" count="19" type="stmt"/>
        <line num="50" count="19" type="stmt"/>
        <line num="51" count="19" type="stmt"/>
        <line num="52" count="19" type="stmt"/>
        <line num="56" count="6" type="stmt"/>
        <line num="59" count="13" type="stmt"/>
        <line num="60" count="13" type="stmt"/>
        <line num="61" count="13" type="cond" truecount="1" falsecount="1"/>
        <line num="62" count="13" type="stmt"/>
        <line num="63" count="13" type="cond" truecount="1" falsecount="0"/>
        <line num="64" count="6" type="stmt"/>
        <line num="65" count="6" type="stmt"/>
        <line num="66" count="6" type="stmt"/>
        <line num="67" count="6" type="stmt"/>
        <line num="69" count="7" type="stmt"/>
        <line num="70" count="40" type="stmt"/>
        <line num="71" count="7" type="cond" truecount="1" falsecount="0"/>
        <line num="72" count="2" type="stmt"/>
        <line num="73" count="2" type="stmt"/>
        <line num="74" count="2" type="stmt"/>
        <line num="78" count="6" type="stmt"/>
        <line num="81" count="73" type="stmt"/>
        <line num="82" count="73" type="stmt"/>
        <line num="83" count="73" type="stmt"/>
        <line num="84" count="73" type="stmt"/>
        <line num="85" count="73" type="cond" truecount="3" falsecount="0"/>
        <line num="86" count="16" type="stmt"/>
        <line num="88" count="57" type="cond" truecount="3" falsecount="0"/>
        <line num="89" count="4" type="stmt"/>
        <line num="91" count="53" type="stmt"/>
        <line num="95" count="53" type="cond" truecount="1" falsecount="0"/>
        <line num="96" count="15" type="stmt"/>
        <line num="97" count="18" type="cond" truecount="1" falsecount="1"/>
        <line num="99" count="15" type="stmt"/>
        <line num="103" count="18" type="stmt"/>
        <line num="106" count="38" type="stmt"/>
        <line num="107" count="38" type="cond" truecount="4" falsecount="0"/>
        <line num="108" count="38" type="cond" truecount="3" falsecount="0"/>
        <line num="109" count="37" type="cond" truecount="1" falsecount="0"/>
        <line num="111" count="35" type="stmt"/>
        <line num="112" count="35" type="cond" truecount="4" falsecount="0"/>
        <line num="113" count="35" type="cond" truecount="3" falsecount="0"/>
        <line num="114" count="34" type="cond" truecount="1" falsecount="0"/>
        <line num="116" count="33" type="stmt"/>
        <line num="117" count="33" type="cond" truecount="1" falsecount="0"/>
        <line num="118" count="7" type="cond" truecount="4" falsecount="0"/>
        <line num="119" count="5" type="stmt"/>
        <line num="121" count="2" type="stmt"/>
        <line num="123" count="28" type="stmt"/>
        <line num="124" count="28" type="cond" truecount="1" falsecount="0"/>
        <line num="125" count="4" type="cond" truecount="4" falsecount="0"/>
        <line num="126" count="3" type="stmt"/>
        <line num="128" count="1" type="stmt"/>
        <line num="130" count="25" type="stmt"/>
        <line num="131" count="25" type="stmt"/>
        <line num="136" count="25" type="stmt"/>
        <line num="137" count="25" type="stmt"/>
        <line num="138" count="25" type="stmt"/>
        <line num="139" count="25" type="stmt"/>
        <line num="140" count="25" type="stmt"/>
        <line num="141" count="25" type="stmt"/>
        <line num="145" count="6" type="stmt"/>
        <line num="148" count="13" type="stmt"/>
        <line num="149" count="13" type="stmt"/>
        <line num="150" count="77" type="stmt"/>
        <line num="151" count="13" type="cond" truecount="1" falsecount="0"/>
        <line num="152" count="11" type="stmt"/>
        <line num="153" count="11" type="cond" truecount="0" falsecount="1"/>
        <line num="154" count="11" type="cond" truecount="1" falsecount="0"/>
        <line num="155" count="4" type="stmt"/>
        <line num="157" count="7" type="cond" truecount="0" falsecount="1"/>
        <line num="158" count="0" type="stmt"/>
        <line num="160" count="7" type="stmt"/>
        <line num="161" count="7" type="stmt"/>
        <line num="162" count="7" type="stmt"/>
        <line num="163" count="7" type="cond" truecount="1" falsecount="1"/>
        <line num="164" count="7" type="stmt"/>
      </file>
    </package>
  </project>
</coverage>
