{"C:\\Users\\USER\\Desktop\\Github\\Fluxora-Backend\\src\\app.ts": {"path":"C:\\Users\\USER\\Desktop\\Github\\Fluxora-Backend\\src\\app.ts","statementMap":{"0":{"start":{"line":22,"column":0},"end":{"line":22,"column":16}},"1":{"start":{"line":1,"column":0},"end":{"line":1,"column":30}},"2":{"start":{"line":3,"column":0},"end":{"line":3,"column":52}},"3":{"start":{"line":4,"column":0},"end":{"line":4,"column":50}},"4":{"start":{"line":5,"column":0},"end":{"line":5,"column":72}},"5":{"start":{"line":6,"column":0},"end":{"line":6,"column":72}},"6":{"start":{"line":7,"column":0},"end":{"line":7,"column":62}},"7":{"start":{"line":8,"column":0},"end":{"line":8,"column":68}},"8":{"start":{"line":9,"column":0},"end":{"line":9,"column":null}},"9":{"start":{"line":23,"column":22},"end":{"line":23,"column":31}},"10":{"start":{"line":26,"column":2},"end":{"line":31,"column":5}},"11":{"start":{"line":27,"column":4},"end":{"line":27,"column":55}},"12":{"start":{"line":28,"column":4},"end":{"line":28,"column":45}},"13":{"start":{"line":29,"column":4},"end":{"line":29,"column":43}},"14":{"start":{"line":30,"column":4},"end":{"line":30,"column":11}},"15":{"start":{"line":33,"column":23},"end":{"line":33,"column":62}},"16":{"start":{"line":34,"column":2},"end":{"line":34,"column":57}},"17":{"start":{"line":35,"column":2},"end":{"line":35,"column":39}},"18":{"start":{"line":36,"column":2},"end":{"line":36,"column":43}},"19":{"start":{"line":37,"column":2},"end":{"line":37,"column":43}},"20":{"start":{"line":39,"column":2},"end":{"line":39,"column":43}},"21":{"start":{"line":40,"column":2},"end":{"line":40,"column":124}},"22":{"start":{"line":42,"column":2},"end":{"line":48,"column":5}},"23":{"start":{"line":43,"column":4},"end":{"line":47,"column":7}},"24":{"start":{"line":50,"column":2},"end":{"line":54,"column":3}},"25":{"start":{"line":51,"column":4},"end":{"line":53,"column":7}},"26":{"start":{"line":52,"column":6},"end":{"line":52,"column":43}},"27":{"start":{"line":56,"column":2},"end":{"line":56,"column":35}},"28":{"start":{"line":57,"column":2},"end":{"line":57,"column":32}},"29":{"start":{"line":59,"column":2},"end":{"line":59,"column":21}},"30":{"start":{"line":62,"column":13},"end":{"line":62,"column":31}}},"fnMap":{"0":{"name":"createApp","decl":{"start":{"line":22,"column":16},"end":{"line":22,"column":25}},"loc":{"start":{"line":22,"column":50},"end":{"line":60,"column":1}}},"1":{"name":"(anonymous_2)","decl":{"start":{"line":26,"column":18},"end":{"line":26,"column":19}},"loc":{"start":{"line":26,"column":57},"end":{"line":31,"column":3}}},"2":{"name":"(anonymous_3)","decl":{"start":{"line":42,"column":23},"end":{"line":42,"column":24}},"loc":{"start":{"line":42,"column":56},"end":{"line":48,"column":3}}},"3":{"name":"(anonymous_4)","decl":{"start":{"line":51,"column":37},"end":{"line":51,"column":40}},"loc":{"start":{"line":51,"column":42},"end":{"line":53,"column":5}}}},"branchMap":{"0":{"loc":{"start":{"line":22,"column":26},"end":{"line":22,"column":50}},"type":"default-arg","locations":[{"start":{"line":22,"column":48},"end":{"line":22,"column":50}}]},"1":{"loc":{"start":{"line":33,"column":23},"end":{"line":33,"column":62}},"type":"binary-expr","locations":[{"start":{"line":33,"column":23},"end":{"line":33,"column":48}},{"start":{"line":33,"column":52},"end":{"line":33,"column":62}}]},"2":{"loc":{"start":{"line":50,"column":2},"end":{"line":54,"column":3}},"type":"if","locations":[{"start":{"line":50,"column":2},"end":{"line":54,"column":3}}]}},"s":{"0":4,"1":4,"2":4,"3":4,"4":4,"5":4,"6":4,"7":4,"8":4,"9":16,"10":16,"11":35,"12":35,"13":35,"14":35,"15":16,"16":16,"17":16,"18":16,"19":16,"20":16,"21":16,"22":16,"23":1,"24":16,"25":0,"26":0,"27":16,"28":16,"29":16,"30":4},"f":{"0":16,"1":35,"2":1,"3":0},"b":{"0":[16],"1":[16,16],"2":[0]}}
,"C:\\Users\\USER\\Desktop\\Github\\Fluxora-Backend\\src\\errors.ts": {"path":"C:\\Users\\USER\\Desktop\\Github\\Fluxora-Backend\\src\\errors.ts","statementMap":{"0":{"start":{"line":26,"column":0},"end":{"line":26,"column":16}},"1":{"start":{"line":33,"column":0},"end":{"line":33,"column":16}},"2":{"start":{"line":56,"column":0},"end":{"line":56,"column":16}},"3":{"start":{"line":1,"column":0},"end":{"line":1,"column":41}},"4":{"start":{"line":3,"column":0},"end":{"line":3,"column":78}},"5":{"start":{"line":18,"column":4},"end":{"line":18,"column":19}},"6":{"start":{"line":19,"column":4},"end":{"line":19,"column":25}},"7":{"start":{"line":20,"column":4},"end":{"line":20,"column":21}},"8":{"start":{"line":21,"column":4},"end":{"line":21,"column":27}},"9":{"start":{"line":22,"column":4},"end":{"line":22,"column":25}},"10":{"start":{"line":5,"column":0},"end":{"line":5,"column":13}},"11":{"start":{"line":27,"column":20},"end":{"line":27,"column":62}},"12":{"start":{"line":28,"column":2},"end":{"line":28,"column":38}},"13":{"start":{"line":29,"column":2},"end":{"line":29,"column":43}},"14":{"start":{"line":30,"column":2},"end":{"line":30,"column":9}},"15":{"start":{"line":34,"column":2},"end":{"line":34,"column":92}},"16":{"start":{"line":38,"column":20},"end":{"line":38,"column":63}},"17":{"start":{"line":40,"column":2},"end":{"line":42,"column":3}},"18":{"start":{"line":41,"column":4},"end":{"line":41,"column":80}},"19":{"start":{"line":43,"column":2},"end":{"line":45,"column":3}},"20":{"start":{"line":44,"column":4},"end":{"line":44,"column":92}},"21":{"start":{"line":46,"column":2},"end":{"line":46,"column":46}},"22":{"start":{"line":46,"column":33},"end":{"line":46,"column":46}},"23":{"start":{"line":49,"column":2},"end":{"line":51,"column":3}},"24":{"start":{"line":50,"column":4},"end":{"line":50,"column":86}},"25":{"start":{"line":53,"column":2},"end":{"line":53,"column":88}},"26":{"start":{"line":62,"column":21},"end":{"line":62,"column":49}},"27":{"start":{"line":63,"column":20},"end":{"line":63,"column":65}},"28":{"start":{"line":65,"column":14},"end":{"line":73,"column":4}},"29":{"start":{"line":75,"column":2},"end":{"line":79,"column":3}},"30":{"start":{"line":76,"column":4},"end":{"line":76,"column":36}},"31":{"start":{"line":78,"column":4},"end":{"line":78,"column":35}},"32":{"start":{"line":81,"column":45},"end":{"line":86,"column":4}},"33":{"start":{"line":87,"column":2},"end":{"line":89,"column":3}},"34":{"start":{"line":88,"column":4},"end":{"line":88,"column":46}},"35":{"start":{"line":91,"column":2},"end":{"line":91,"column":59}}},"fnMap":{"0":{"name":"(anonymous_0)","decl":{"start":{"line":11,"column":2},"end":{"line":11,"column":null}},"loc":{"start":{"line":16,"column":17},"end":{"line":23,"column":3}}},"1":{"name":"requestIdMiddleware","decl":{"start":{"line":26,"column":16},"end":{"line":26,"column":35}},"loc":{"start":{"line":26,"column":83},"end":{"line":31,"column":1}}},"2":{"name":"notFoundHandler","decl":{"start":{"line":33,"column":16},"end":{"line":33,"column":31}},"loc":{"start":{"line":33,"column":80},"end":{"line":35,"column":1}}},"3":{"name":"normalizeExpressError","decl":{"start":{"line":37,"column":9},"end":{"line":37,"column":30}},"loc":{"start":{"line":37,"column":45},"end":{"line":54,"column":1}}},"4":{"name":"errorHandler","decl":{"start":{"line":56,"column":16},"end":{"line":56,"column":28}},"loc":{"start":{"line":60,"column":21},"end":{"line":92,"column":1}}}},"branchMap":{"0":{"loc":{"start":{"line":16,"column":4},"end":{"line":16,"column":17}},"type":"default-arg","locations":[{"start":{"line":16,"column":13},"end":{"line":16,"column":17}}]},"1":{"loc":{"start":{"line":27,"column":20},"end":{"line":27,"column":62}},"type":"binary-expr","locations":[{"start":{"line":27,"column":20},"end":{"line":27,"column":46}},{"start":{"line":27,"column":50},"end":{"line":27,"column":62}}]},"2":{"loc":{"start":{"line":40,"column":2},"end":{"line":42,"column":3}},"type":"if","locations":[{"start":{"line":40,"column":2},"end":{"line":42,"column":3}}]},"3":{"loc":{"start":{"line":43,"column":2},"end":{"line":45,"column":3}},"type":"if","locations":[{"start":{"line":43,"column":2},"end":{"line":45,"column":3}}]},"4":{"loc":{"start":{"line":43,"column":6},"end":{"line":43,"column":73}},"type":"binary-expr","locations":[{"start":{"line":43,"column":6},"end":{"line":43,"column":44}},{"start":{"line":43,"column":48},"end":{"line":43,"column":73}}]},"5":{"loc":{"start":{"line":46,"column":2},"end":{"line":46,"column":46}},"type":"if","locations":[{"start":{"line":46,"column":2},"end":{"line":46,"column":46}}]},"6":{"loc":{"start":{"line":49,"column":2},"end":{"line":51,"column":3}},"type":"if","locations":[{"start":{"line":49,"column":2},"end":{"line":51,"column":3}}]},"7":{"loc":{"start":{"line":71,"column":13},"end":{"line":71,"column":72}},"type":"cond-expr","locations":[{"start":{"line":71,"column":38},"end":{"line":71,"column":51}},{"start":{"line":71,"column":54},"end":{"line":71,"column":72}}]},"8":{"loc":{"start":{"line":75,"column":2},"end":{"line":79,"column":3}},"type":"if","locations":[{"start":{"line":75,"column":2},"end":{"line":79,"column":3}},{"start":{"line":77,"column":9},"end":{"line":79,"column":3}}]},"9":{"loc":{"start":{"line":87,"column":2},"end":{"line":89,"column":3}},"type":"if","locations":[{"start":{"line":87,"column":2},"end":{"line":89,"column":3}}]}},"s":{"0":6,"1":6,"2":6,"3":6,"4":6,"5":14,"6":14,"7":14,"8":14,"9":14,"10":6,"11":159,"12":159,"13":159,"14":159,"15":5,"16":14,"17":14,"18":2,"19":12,"20":2,"21":10,"22":5,"23":5,"24":5,"25":0,"26":14,"27":14,"28":14,"29":14,"30":0,"31":14,"32":14,"33":14,"34":0,"35":14},"f":{"0":14,"1":159,"2":5,"3":14,"4":14},"b":{"0":[9],"1":[159,156],"2":[2],"3":[2],"4":[12,10],"5":[5],"6":[5],"7":[14,0],"8":[0,14],"9":[0]}}
,"C:\\Users\\USER\\Desktop\\Github\\Fluxora-Backend\\src\\lib\\logger.ts": {"path":"C:\\Users\\USER\\Desktop\\Github\\Fluxora-Backend\\src\\lib\\logger.ts","statementMap":{"0":{"start":{"line":25,"column":28},"end":{"line":31,"column":4}},"1":{"start":{"line":32,"column":15},"end":{"line":32,"column":44}},"2":{"start":{"line":33,"column":2},"end":{"line":37,"column":3}},"3":{"start":{"line":34,"column":4},"end":{"line":34,"column":31}},"4":{"start":{"line":36,"column":4},"end":{"line":36,"column":31}},"5":{"start":{"line":40,"column":13},"end":{"line":53,"column":2}},"6":{"start":{"line":42,"column":4},"end":{"line":42,"column":49}},"7":{"start":{"line":45,"column":4},"end":{"line":45,"column":48}},"8":{"start":{"line":48,"column":4},"end":{"line":48,"column":48}},"9":{"start":{"line":51,"column":4},"end":{"line":51,"column":49}}},"fnMap":{"0":{"name":"write","decl":{"start":{"line":22,"column":9},"end":{"line":22,"column":14}},"loc":{"start":{"line":22,"column":103},"end":{"line":38,"column":1}}},"1":{"name":"(anonymous_1)","decl":{"start":{"line":41,"column":2},"end":{"line":41,"column":7}},"loc":{"start":{"line":41,"column":79},"end":{"line":43,"column":3}}},"2":{"name":"(anonymous_2)","decl":{"start":{"line":44,"column":2},"end":{"line":44,"column":6}},"loc":{"start":{"line":44,"column":78},"end":{"line":46,"column":3}}},"3":{"name":"(anonymous_3)","decl":{"start":{"line":47,"column":2},"end":{"line":47,"column":6}},"loc":{"start":{"line":47,"column":78},"end":{"line":49,"column":3}}},"4":{"name":"(anonymous_4)","decl":{"start":{"line":50,"column":2},"end":{"line":50,"column":7}},"loc":{"start":{"line":50,"column":79},"end":{"line":52,"column":3}}}},"branchMap":{"0":{"loc":{"start":{"line":30,"column":8},"end":{"line":30,"column":60}},"type":"cond-expr","locations":[{"start":{"line":30,"column":38},"end":{"line":30,"column":55}},{"start":{"line":30,"column":58},"end":{"line":30,"column":60}}]},"1":{"loc":{"start":{"line":33,"column":2},"end":{"line":37,"column":3}},"type":"if","locations":[{"start":{"line":33,"column":2},"end":{"line":37,"column":3}},{"start":{"line":35,"column":9},"end":{"line":37,"column":3}}]}},"s":{"0":72,"1":72,"2":72,"3":1,"4":71,"5":10,"6":1,"7":60,"8":10,"9":1},"f":{"0":72,"1":1,"2":60,"3":10,"4":1},"b":{"0":[61,11],"1":[1,71]}}
,"C:\\Users\\USER\\Desktop\\Github\\Fluxora-Backend\\src\\middleware\\correlationId.ts": {"path":"C:\\Users\\USER\\Desktop\\Github\\Fluxora-Backend\\src\\middleware\\correlationId.ts","statementMap":{"0":{"start":{"line":24,"column":0},"end":{"line":24,"column":16}},"1":{"start":{"line":18,"column":0},"end":{"line":18,"column":36}},"2":{"start":{"line":22,"column":13},"end":{"line":22,"column":56}},"3":{"start":{"line":25,"column":19},"end":{"line":25,"column":53}},"4":{"start":{"line":27,"column":4},"end":{"line":29,"column":20}},"5":{"start":{"line":31,"column":2},"end":{"line":31,"column":36}},"6":{"start":{"line":32,"column":2},"end":{"line":32,"column":54}},"7":{"start":{"line":33,"column":2},"end":{"line":33,"column":9}}},"fnMap":{"0":{"name":"correlationIdMiddleware","decl":{"start":{"line":24,"column":16},"end":{"line":24,"column":39}},"loc":{"start":{"line":24,"column":87},"end":{"line":34,"column":1}}}},"branchMap":{"0":{"loc":{"start":{"line":27,"column":4},"end":{"line":29,"column":20}},"type":"cond-expr","locations":[{"start":{"line":28,"column":8},"end":{"line":28,"column":23}},{"start":{"line":29,"column":8},"end":{"line":29,"column":20}}]},"1":{"loc":{"start":{"line":27,"column":4},"end":{"line":27,"column":62}},"type":"binary-expr","locations":[{"start":{"line":27,"column":4},"end":{"line":27,"column":32}},{"start":{"line":27,"column":36},"end":{"line":27,"column":62}}]}},"s":{"0":6,"1":6,"2":6,"3":159,"4":159,"5":159,"6":159,"7":159},"f":{"0":159},"b":{"0":[7,152],"1":[159,9]}}
,"C:\\Users\\USER\\Desktop\\Github\\Fluxora-Backend\\src\\middleware\\errorHandler.ts": {"path":"C:\\Users\\USER\\Desktop\\Github\\Fluxora-Backend\\src\\middleware\\errorHandler.ts","statementMap":{"0":{"start":{"line":31,"column":0},"end":{"line":31,"column":16}},"1":{"start":{"line":48,"column":0},"end":{"line":48,"column":16}},"2":{"start":{"line":52,"column":0},"end":{"line":52,"column":16}},"3":{"start":{"line":56,"column":0},"end":{"line":56,"column":16}},"4":{"start":{"line":60,"column":0},"end":{"line":60,"column":16}},"5":{"start":{"line":64,"column":0},"end":{"line":64,"column":16}},"6":{"start":{"line":2,"column":0},"end":{"line":2,"column":90}},"7":{"start":{"line":3,"column":0},"end":{"line":3,"column":76}},"8":{"start":{"line":9,"column":0},"end":{"line":9,"column":null}},"9":{"start":{"line":10,"column":2},"end":{"line":10,"column":null}},"10":{"start":{"line":11,"column":2},"end":{"line":11,"column":null}},"11":{"start":{"line":12,"column":2},"end":{"line":12,"column":null}},"12":{"start":{"line":13,"column":2},"end":{"line":13,"column":null}},"13":{"start":{"line":14,"column":2},"end":{"line":14,"column":null}},"14":{"start":{"line":15,"column":2},"end":{"line":15,"column":null}},"15":{"start":{"line":16,"column":2},"end":{"line":16,"column":null}},"16":{"start":{"line":26,"column":4},"end":{"line":26,"column":19}},"17":{"start":{"line":21,"column":20},"end":{"line":21,"column":38}},"18":{"start":{"line":23,"column":20},"end":{"line":23,"column":41}},"19":{"start":{"line":24,"column":20},"end":{"line":24,"column":37}},"20":{"start":{"line":27,"column":4},"end":{"line":27,"column":27}},"21":{"start":{"line":19,"column":0},"end":{"line":19,"column":13}},"22":{"start":{"line":32,"column":40},"end":{"line":32,"column":57}},"23":{"start":{"line":33,"column":2},"end":{"line":37,"column":3}},"24":{"start":{"line":34,"column":4},"end":{"line":34,"column":100}},"25":{"start":{"line":35,"column":4},"end":{"line":35,"column":166}},"26":{"start":{"line":36,"column":4},"end":{"line":36,"column":11}},"27":{"start":{"line":38,"column":2},"end":{"line":42,"column":3}},"28":{"start":{"line":39,"column":4},"end":{"line":39,"column":123}},"29":{"start":{"line":40,"column":4},"end":{"line":40,"column":122}},"30":{"start":{"line":41,"column":4},"end":{"line":41,"column":11}},"31":{"start":{"line":43,"column":12},"end":{"line":43,"column":63}},"32":{"start":{"line":44,"column":2},"end":{"line":44,"column":106}},"33":{"start":{"line":45,"column":2},"end":{"line":45,"column":126}},"34":{"start":{"line":49,"column":2},"end":{"line":49,"column":65}},"35":{"start":{"line":49,"column":31},"end":{"line":49,"column":62}},"36":{"start":{"line":53,"column":2},"end":{"line":53,"column":129}},"37":{"start":{"line":57,"column":2},"end":{"line":57,"column":76}},"38":{"start":{"line":61,"column":2},"end":{"line":61,"column":68}},"39":{"start":{"line":65,"column":2},"end":{"line":65,"column":70}}},"fnMap":{"0":{"name":"(anonymous_0)","decl":{"start":{"line":9,"column":0},"end":{"line":9,"column":12}},"loc":{"start":{"line":9,"column":24},"end":{"line":17,"column":1}}},"1":{"name":"(anonymous_1)","decl":{"start":{"line":20,"column":2},"end":{"line":20,"column":null}},"loc":{"start":{"line":24,"column":37},"end":{"line":28,"column":3}}},"2":{"name":"errorHandler","decl":{"start":{"line":31,"column":16},"end":{"line":31,"column":28}},"loc":{"start":{"line":31,"column":91},"end":{"line":46,"column":1}}},"3":{"name":"asyncHandler","decl":{"start":{"line":48,"column":16},"end":{"line":48,"column":28}},"loc":{"start":{"line":48,"column":99},"end":{"line":50,"column":1}}},"4":{"name":"(anonymous_4)","decl":{"start":{"line":49,"column":9},"end":{"line":49,"column":10}},"loc":{"start":{"line":49,"column":28},"end":{"line":49,"column":64}}},"5":{"name":"notFound","decl":{"start":{"line":52,"column":16},"end":{"line":52,"column":24}},"loc":{"start":{"line":52,"column":54},"end":{"line":54,"column":1}}},"6":{"name":"validationError","decl":{"start":{"line":56,"column":16},"end":{"line":56,"column":31}},"loc":{"start":{"line":56,"column":66},"end":{"line":58,"column":1}}},"7":{"name":"conflictError","decl":{"start":{"line":60,"column":16},"end":{"line":60,"column":29}},"loc":{"start":{"line":60,"column":64},"end":{"line":62,"column":1}}},"8":{"name":"serviceUnavailable","decl":{"start":{"line":64,"column":16},"end":{"line":64,"column":34}},"loc":{"start":{"line":64,"column":50},"end":{"line":66,"column":1}}}},"branchMap":{"0":{"loc":{"start":{"line":9,"column":12},"end":{"line":9,"column":null}},"type":"binary-expr","locations":[{"start":{"line":9,"column":12},"end":{"line":9,"column":24}},{"start":{"line":9,"column":24},"end":{"line":9,"column":null}}]},"1":{"loc":{"start":{"line":23,"column":20},"end":{"line":23,"column":44}},"type":"default-arg","locations":[{"start":{"line":23,"column":41},"end":{"line":23,"column":44}}]},"2":{"loc":{"start":{"line":33,"column":2},"end":{"line":37,"column":3}},"type":"if","locations":[{"start":{"line":33,"column":2},"end":{"line":37,"column":3}}]},"3":{"loc":{"start":{"line":34,"column":41},"end":{"line":34,"column":63}},"type":"binary-expr","locations":[{"start":{"line":34,"column":41},"end":{"line":34,"column":50}},{"start":{"line":34,"column":54},"end":{"line":34,"column":63}}]},"4":{"loc":{"start":{"line":38,"column":2},"end":{"line":42,"column":3}},"type":"if","locations":[{"start":{"line":38,"column":2},"end":{"line":42,"column":3}}]},"5":{"loc":{"start":{"line":43,"column":12},"end":{"line":43,"column":63}},"type":"cond-expr","locations":[{"start":{"line":43,"column":35},"end":{"line":43,"column":38}},{"start":{"line":43,"column":41},"end":{"line":43,"column":63}}]},"6":{"loc":{"start":{"line":53,"column":46},"end":{"line":53,"column":122}},"type":"cond-expr","locations":[{"start":{"line":53,"column":65},"end":{"line":53,"column":96}},{"start":{"line":53,"column":99},"end":{"line":53,"column":122}}]}},"s":{"0":6,"1":6,"2":6,"3":6,"4":6,"5":6,"6":6,"7":6,"8":6,"9":6,"10":6,"11":6,"12":6,"13":6,"14":6,"15":6,"16":59,"17":59,"18":59,"19":59,"20":59,"21":6,"22":55,"23":55,"24":0,"25":0,"26":0,"27":55,"28":54,"29":54,"30":54,"31":1,"32":1,"33":1,"34":24,"35":124,"36":7,"37":33,"38":0,"39":0},"f":{"0":6,"1":59,"2":55,"3":24,"4":124,"5":7,"6":33,"7":0,"8":0},"b":{"0":[6,6],"1":[0],"2":[0],"3":[0,0],"4":[54],"5":[1,0],"6":[7,0]}}
,"C:\\Users\\USER\\Desktop\\Github\\Fluxora-Backend\\src\\middleware\\idempotency.ts": {"path":"C:\\Users\\USER\\Desktop\\Github\\Fluxora-Backend\\src\\middleware\\idempotency.ts","statementMap":{"0":{"start":{"line":46,"column":0},"end":{"line":46,"column":16}},"1":{"start":{"line":25,"column":0},"end":{"line":25,"column":51}},"2":{"start":{"line":26,"column":0},"end":{"line":26,"column":42}},"3":{"start":{"line":28,"column":13},"end":{"line":28,"column":52}},"4":{"start":{"line":29,"column":32},"end":{"line":29,"column":38}},"5":{"start":{"line":30,"column":20},"end":{"line":30,"column":42}},"6":{"start":{"line":38,"column":2},"end":{"line":38,"column":56}},"7":{"start":{"line":51,"column":17},"end":{"line":51,"column":48}},"8":{"start":{"line":54,"column":2},"end":{"line":57,"column":3}},"9":{"start":{"line":55,"column":4},"end":{"line":55,"column":11}},"10":{"start":{"line":56,"column":4},"end":{"line":56,"column":11}},"11":{"start":{"line":59,"column":14},"end":{"line":59,"column":56}},"12":{"start":{"line":61,"column":2},"end":{"line":71,"column":3}},"13":{"start":{"line":62,"column":4},"end":{"line":69,"column":7}},"14":{"start":{"line":70,"column":4},"end":{"line":70,"column":11}},"15":{"start":{"line":73,"column":19},"end":{"line":73,"column":65}},"16":{"start":{"line":74,"column":16},"end":{"line":74,"column":32}},"17":{"start":{"line":77,"column":2},"end":{"line":114,"column":7}},"18":{"start":{"line":78,"column":4},"end":{"line":95,"column":5}},"19":{"start":{"line":79,"column":21},"end":{"line":79,"column":62}},"20":{"start":{"line":81,"column":6},"end":{"line":89,"column":7}},"21":{"start":{"line":82,"column":8},"end":{"line":85,"column":11}},"22":{"start":{"line":86,"column":8},"end":{"line":86,"column":53}},"23":{"start":{"line":87,"column":8},"end":{"line":87,"column":52}},"24":{"start":{"line":88,"column":8},"end":{"line":88,"column":15}},"25":{"start":{"line":92,"column":6},"end":{"line":94,"column":9}},"26":{"start":{"line":98,"column":25},"end":{"line":98,"column":43}},"27":{"start":{"line":99,"column":4},"end":{"line":111,"column":6}},"28":{"start":{"line":101,"column":6},"end":{"line":109,"column":7}},"29":{"start":{"line":102,"column":8},"end":{"line":108,"column":13}},"30":{"start":{"line":105,"column":12},"end":{"line":107,"column":15}},"31":{"start":{"line":110,"column":6},"end":{"line":110,"column":32}},"32":{"start":{"line":113,"column":4},"end":{"line":113,"column":11}}},"fnMap":{"0":{"name":"buildIdempotencyKey","decl":{"start":{"line":37,"column":9},"end":{"line":37,"column":28}},"loc":{"start":{"line":37,"column":70},"end":{"line":39,"column":1}}},"1":{"name":"idempotencyMiddleware","decl":{"start":{"line":46,"column":16},"end":{"line":46,"column":37}},"loc":{"start":{"line":49,"column":20},"end":{"line":115,"column":1}}},"2":{"name":"(anonymous_2)","decl":{"start":{"line":77,"column":8},"end":{"line":77,"column":13}},"loc":{"start":{"line":77,"column":19},"end":{"line":114,"column":3}}},"3":{"name":"(anonymous_3)","decl":{"start":{"line":99,"column":15},"end":{"line":99,"column":25}},"loc":{"start":{"line":99,"column":38},"end":{"line":111,"column":5}}},"4":{"name":"(anonymous_4)","decl":{"start":{"line":104,"column":17},"end":{"line":104,"column":18}},"loc":{"start":{"line":104,"column":34},"end":{"line":108,"column":11}}}},"branchMap":{"0":{"loc":{"start":{"line":54,"column":2},"end":{"line":57,"column":3}},"type":"if","locations":[{"start":{"line":54,"column":2},"end":{"line":57,"column":3}}]},"1":{"loc":{"start":{"line":59,"column":14},"end":{"line":59,"column":56}},"type":"cond-expr","locations":[{"start":{"line":59,"column":38},"end":{"line":59,"column":47}},{"start":{"line":59,"column":50},"end":{"line":59,"column":56}}]},"2":{"loc":{"start":{"line":61,"column":2},"end":{"line":71,"column":3}},"type":"if","locations":[{"start":{"line":61,"column":2},"end":{"line":71,"column":3}}]},"3":{"loc":{"start":{"line":61,"column":6},"end":{"line":61,"column":49}},"type":"binary-expr","locations":[{"start":{"line":61,"column":6},"end":{"line":61,"column":23}},{"start":{"line":61,"column":27},"end":{"line":61,"column":49}}]},"4":{"loc":{"start":{"line":81,"column":6},"end":{"line":89,"column":7}},"type":"if","locations":[{"start":{"line":81,"column":6},"end":{"line":89,"column":7}}]},"5":{"loc":{"start":{"line":93,"column":15},"end":{"line":93,"column":63}},"type":"cond-expr","locations":[{"start":{"line":93,"column":38},"end":{"line":93,"column":49}},{"start":{"line":93,"column":52},"end":{"line":93,"column":63}}]},"6":{"loc":{"start":{"line":101,"column":6},"end":{"line":109,"column":7}},"type":"if","locations":[{"start":{"line":101,"column":6},"end":{"line":109,"column":7}}]},"7":{"loc":{"start":{"line":101,"column":10},"end":{"line":101,"column":55}},"type":"binary-expr","locations":[{"start":{"line":101,"column":10},"end":{"line":101,"column":31}},{"start":{"line":101,"column":35},"end":{"line":101,"column":55}}]},"8":{"loc":{"start":{"line":106,"column":21},"end":{"line":106,"column":69}},"type":"cond-expr","locations":[{"start":{"line":106,"column":44},"end":{"line":106,"column":55}},{"start":{"line":106,"column":58},"end":{"line":106,"column":69}}]}},"s":{"0":5,"1":5,"2":5,"3":5,"4":5,"5":5,"6":13,"7":26,"8":26,"9":8,"10":8,"11":18,"12":18,"13":5,"14":5,"15":13,"16":13,"17":13,"18":13,"19":13,"20":13,"21":2,"22":2,"23":2,"24":2,"25":0,"26":11,"27":11,"28":11,"29":7,"30":0,"31":11,"32":11},"f":{"0":13,"1":26,"2":13,"3":11,"4":0},"b":{"0":[8],"1":[0,18],"2":[5],"3":[18,18],"4":[2],"5":[0,0],"6":[7],"7":[11,11],"8":[0,0]}}
,"C:\\Users\\USER\\Desktop\\Github\\Fluxora-Backend\\src\\middleware\\rateLimit.ts": {"path":"C:\\Users\\USER\\Desktop\\Github\\Fluxora-Backend\\src\\middleware\\rateLimit.ts","statementMap":{"0":{"start":{"line":66,"column":0},"end":{"line":66,"column":16}},"1":{"start":{"line":22,"column":0},"end":{"line":22,"column":51}},"2":{"start":{"line":23,"column":0},"end":{"line":23,"column":42}},"3":{"start":{"line":34,"column":42},"end":{"line":38,"column":2}},"4":{"start":{"line":44,"column":20},"end":{"line":44,"column":50}},"5":{"start":{"line":45,"column":2},"end":{"line":48,"column":3}},"6":{"start":{"line":46,"column":18},"end":{"line":46,"column":41}},"7":{"start":{"line":47,"column":4},"end":{"line":47,"column":49}},"8":{"start":{"line":47,"column":29},"end":{"line":47,"column":49}},"9":{"start":{"line":49,"column":2},"end":{"line":49,"column":29}},"10":{"start":{"line":56,"column":17},"end":{"line":56,"column":64}},"11":{"start":{"line":57,"column":2},"end":{"line":57,"column":45}},"12":{"start":{"line":67,"column":33},"end":{"line":67,"column":67}},"13":{"start":{"line":69,"column":2},"end":{"line":116,"column":4}},"14":{"start":{"line":74,"column":18},"end":{"line":74,"column":34}},"15":{"start":{"line":75,"column":15},"end":{"line":75,"column":31}},"16":{"start":{"line":76,"column":16},"end":{"line":76,"column":72}},"17":{"start":{"line":78,"column":4},"end":{"line":113,"column":5}},"18":{"start":{"line":79,"column":22},"end":{"line":79,"column":50}},"19":{"start":{"line":80,"column":20},"end":{"line":80,"column":38}},"20":{"start":{"line":82,"column":6},"end":{"line":100,"column":7}},"21":{"start":{"line":83,"column":27},"end":{"line":83,"column":45}},"22":{"start":{"line":84,"column":8},"end":{"line":84,"column":57}},"23":{"start":{"line":85,"column":8},"end":{"line":85,"column":61}},"24":{"start":{"line":86,"column":8},"end":{"line":86,"column":52}},"25":{"start":{"line":87,"column":8},"end":{"line":87,"column":94}},"26":{"start":{"line":89,"column":8},"end":{"line":89,"column":92}},"27":{"start":{"line":91,"column":8},"end":{"line":98,"column":11}},"28":{"start":{"line":99,"column":8},"end":{"line":99,"column":15}},"29":{"start":{"line":103,"column":6},"end":{"line":103,"column":54}},"30":{"start":{"line":105,"column":6},"end":{"line":105,"column":59}},"31":{"start":{"line":106,"column":6},"end":{"line":106,"column":84}},"32":{"start":{"line":107,"column":6},"end":{"line":107,"column":100}},"33":{"start":{"line":110,"column":6},"end":{"line":112,"column":9}},"34":{"start":{"line":115,"column":4},"end":{"line":115,"column":11}}},"fnMap":{"0":{"name":"getClientIp","decl":{"start":{"line":43,"column":9},"end":{"line":43,"column":20}},"loc":{"start":{"line":43,"column":33},"end":{"line":50,"column":1}}},"1":{"name":"buildKey","decl":{"start":{"line":55,"column":9},"end":{"line":55,"column":17}},"loc":{"start":{"line":55,"column":67},"end":{"line":58,"column":1}}},"2":{"name":"createRateLimiter","decl":{"start":{"line":66,"column":16},"end":{"line":66,"column":33}},"loc":{"start":{"line":66,"column":73},"end":{"line":117,"column":1}}},"3":{"name":"rateLimitMiddleware","decl":{"start":{"line":69,"column":24},"end":{"line":69,"column":43}},"loc":{"start":{"line":72,"column":22},"end":{"line":116,"column":3}}}},"branchMap":{"0":{"loc":{"start":{"line":45,"column":2},"end":{"line":48,"column":3}},"type":"if","locations":[{"start":{"line":45,"column":2},"end":{"line":48,"column":3}}]},"1":{"loc":{"start":{"line":47,"column":4},"end":{"line":47,"column":49}},"type":"if","locations":[{"start":{"line":47,"column":4},"end":{"line":47,"column":49}}]},"2":{"loc":{"start":{"line":49,"column":9},"end":{"line":49,"column":28}},"type":"binary-expr","locations":[{"start":{"line":49,"column":9},"end":{"line":49,"column":15}},{"start":{"line":49,"column":19},"end":{"line":49,"column":28}}]},"3":{"loc":{"start":{"line":66,"column":34},"end":{"line":66,"column":73}},"type":"default-arg","locations":[{"start":{"line":66,"column":71},"end":{"line":66,"column":73}}]},"4":{"loc":{"start":{"line":76,"column":25},"end":{"line":76,"column":47}},"type":"binary-expr","locations":[{"start":{"line":76,"column":25},"end":{"line":76,"column":39}},{"start":{"line":76,"column":43},"end":{"line":76,"column":47}}]},"5":{"loc":{"start":{"line":80,"column":21},"end":{"line":80,"column":33}},"type":"binary-expr","locations":[{"start":{"line":80,"column":21},"end":{"line":80,"column":28}},{"start":{"line":80,"column":32},"end":{"line":80,"column":33}}]},"6":{"loc":{"start":{"line":82,"column":6},"end":{"line":100,"column":7}},"type":"if","locations":[{"start":{"line":82,"column":6},"end":{"line":100,"column":7}}]},"7":{"loc":{"start":{"line":111,"column":15},"end":{"line":111,"column":63}},"type":"cond-expr","locations":[{"start":{"line":111,"column":38},"end":{"line":111,"column":49}},{"start":{"line":111,"column":52},"end":{"line":111,"column":63}}]}},"s":{"0":5,"1":5,"2":5,"3":5,"4":46,"5":46,"6":8,"7":8,"8":8,"9":38,"10":46,"11":46,"12":38,"13":38,"14":46,"15":46,"16":46,"17":46,"18":46,"19":46,"20":46,"21":9,"22":9,"23":9,"24":9,"25":9,"26":9,"27":9,"28":9,"29":37,"30":37,"31":37,"32":37,"33":0,"34":37},"f":{"0":46,"1":46,"2":38,"3":46},"b":{"0":[8],"1":[8],"2":[38,0],"3":[0],"4":[46,0],"5":[46,32],"6":[9],"7":[0,0]}}
,"C:\\Users\\USER\\Desktop\\Github\\Fluxora-Backend\\src\\middleware\\requestLogger.ts": {"path":"C:\\Users\\USER\\Desktop\\Github\\Fluxora-Backend\\src\\middleware\\requestLogger.ts","statementMap":{"0":{"start":{"line":14,"column":0},"end":{"line":14,"column":16}},"1":{"start":{"line":12,"column":0},"end":{"line":12,"column":42}},"2":{"start":{"line":15,"column":28},"end":{"line":15,"column":31}},"3":{"start":{"line":16,"column":18},"end":{"line":16,"column":28}},"4":{"start":{"line":18,"column":2},"end":{"line":22,"column":5}},"5":{"start":{"line":24,"column":2},"end":{"line":31,"column":5}},"6":{"start":{"line":25,"column":4},"end":{"line":30,"column":7}},"7":{"start":{"line":33,"column":2},"end":{"line":33,"column":9}}},"fnMap":{"0":{"name":"requestLoggerMiddleware","decl":{"start":{"line":14,"column":16},"end":{"line":14,"column":39}},"loc":{"start":{"line":14,"column":87},"end":{"line":34,"column":1}}},"1":{"name":"(anonymous_1)","decl":{"start":{"line":24,"column":19},"end":{"line":24,"column":22}},"loc":{"start":{"line":24,"column":24},"end":{"line":31,"column":3}}}},"branchMap":{},"s":{"0":4,"1":4,"2":31,"3":31,"4":31,"5":31,"6":31,"7":31},"f":{"0":31,"1":31},"b":{}}
,"C:\\Users\\USER\\Desktop\\Github\\Fluxora-Backend\\src\\routes\\health.ts": {"path":"C:\\Users\\USER\\Desktop\\Github\\Fluxora-Backend\\src\\routes\\health.ts","statementMap":{"0":{"start":{"line":1,"column":0},"end":{"line":1,"column":30}},"1":{"start":{"line":3,"column":0},"end":{"line":3,"column":58}},"2":{"start":{"line":4,"column":0},"end":{"line":4,"column":51}},"3":{"start":{"line":6,"column":13},"end":{"line":6,"column":45}},"4":{"start":{"line":17,"column":0},"end":{"line":37,"column":3}},"5":{"start":{"line":18,"column":18},"end":{"line":18,"column":57}},"6":{"start":{"line":19,"column":26},"end":{"line":19,"column":87}},"7":{"start":{"line":22,"column":16},"end":{"line":22,"column":32}},"8":{"start":{"line":23,"column":20},"end":{"line":23,"column":38}},"9":{"start":{"line":24,"column":22},"end":{"line":24,"column":59}},"10":{"start":{"line":26,"column":17},"end":{"line":26,"column":52}},"11":{"start":{"line":28,"column":2},"end":{"line":36,"column":5}}},"fnMap":{"0":{"name":"(anonymous_1)","decl":{"start":{"line":17,"column":22},"end":{"line":17,"column":27}},"loc":{"start":{"line":17,"column":61},"end":{"line":37,"column":1}}}},"branchMap":{"0":{"loc":{"start":{"line":19,"column":26},"end":{"line":19,"column":87}},"type":"binary-expr","locations":[{"start":{"line":19,"column":26},"end":{"line":19,"column":54}},{"start":{"line":19,"column":58},"end":{"line":19,"column":87}}]},"1":{"loc":{"start":{"line":24,"column":22},"end":{"line":24,"column":59}},"type":"cond-expr","locations":[{"start":{"line":24,"column":34},"end":{"line":24,"column":43}},{"start":{"line":24,"column":46},"end":{"line":24,"column":59}}]},"2":{"loc":{"start":{"line":26,"column":17},"end":{"line":26,"column":52}},"type":"cond-expr","locations":[{"start":{"line":26,"column":35},"end":{"line":26,"column":45}},{"start":{"line":26,"column":48},"end":{"line":26,"column":52}}]}},"s":{"0":4,"1":4,"2":4,"3":4,"4":4,"5":18,"6":18,"7":18,"8":18,"9":18,"10":18,"11":18},"f":{"0":18},"b":{"0":[18,18],"1":[0,18],"2":[0,18]}}
,"C:\\Users\\USER\\Desktop\\Github\\Fluxora-Backend\\src\\routes\\streams.ts": {"path":"C:\\Users\\USER\\Desktop\\Github\\Fluxora-Backend\\src\\routes\\streams.ts","statementMap":{"0":{"start":{"line":28,"column":0},"end":{"line":28,"column":16}},"1":{"start":{"line":1,"column":0},"end":{"line":1,"column":30}},"2":{"start":{"line":3,"column":0},"end":{"line":3,"column":90}},"3":{"start":{"line":4,"column":0},"end":{"line":4,"column":112}},"4":{"start":{"line":5,"column":0},"end":{"line":5,"column":70}},"5":{"start":{"line":6,"column":0},"end":{"line":6,"column":84}},"6":{"start":{"line":8,"column":13},"end":{"line":8,"column":46}},"7":{"start":{"line":10,"column":22},"end":{"line":10,"column":65}},"8":{"start":{"line":23,"column":26},"end":{"line":23,"column":28}},"9":{"start":{"line":25,"column":41},"end":{"line":25,"column":45}},"10":{"start":{"line":29,"column":2},"end":{"line":29,"column":26}},"11":{"start":{"line":33,"column":2},"end":{"line":33,"column":44}},"12":{"start":{"line":36,"column":0},"end":{"line":54,"column":2}},"13":{"start":{"line":39,"column":18},"end":{"line":39,"column":28}},"14":{"start":{"line":40,"column":21},"end":{"line":40,"column":42}},"15":{"start":{"line":41,"column":19},"end":{"line":41,"column":82}},"16":{"start":{"line":42,"column":4},"end":{"line":47,"column":5}},"17":{"start":{"line":43,"column":6},"end":{"line":43,"column":51}},"18":{"start":{"line":44,"column":6},"end":{"line":44,"column":38}},"19":{"start":{"line":45,"column":6},"end":{"line":45,"column":23}},"20":{"start":{"line":46,"column":6},"end":{"line":46,"column":13}},"21":{"start":{"line":48,"column":4},"end":{"line":48,"column":59}},"22":{"start":{"line":49,"column":20},"end":{"line":49,"column":54}},"23":{"start":{"line":50,"column":4},"end":{"line":50,"column":56}},"24":{"start":{"line":51,"column":4},"end":{"line":51,"column":37}},"25":{"start":{"line":52,"column":4},"end":{"line":52,"column":22}},"26":{"start":{"line":56,"column":0},"end":{"line":76,"column":2}},"27":{"start":{"line":59,"column":19},"end":{"line":59,"column":29}},"28":{"start":{"line":60,"column":18},"end":{"line":60,"column":28}},"29":{"start":{"line":61,"column":21},"end":{"line":61,"column":46}},"30":{"start":{"line":62,"column":19},"end":{"line":62,"column":52}},"31":{"start":{"line":63,"column":4},"end":{"line":68,"column":5}},"32":{"start":{"line":64,"column":6},"end":{"line":64,"column":50}},"33":{"start":{"line":65,"column":6},"end":{"line":65,"column":38}},"34":{"start":{"line":66,"column":6},"end":{"line":66,"column":23}},"35":{"start":{"line":67,"column":6},"end":{"line":67,"column":13}},"36":{"start":{"line":69,"column":4},"end":{"line":69,"column":71}},"37":{"start":{"line":70,"column":19},"end":{"line":70,"column":51}},"38":{"start":{"line":70,"column":39},"end":{"line":70,"column":50}},"39":{"start":{"line":71,"column":4},"end":{"line":71,"column":46}},"40":{"start":{"line":71,"column":17},"end":{"line":71,"column":46}},"41":{"start":{"line":72,"column":4},"end":{"line":72,"column":50}},"42":{"start":{"line":73,"column":4},"end":{"line":73,"column":37}},"43":{"start":{"line":74,"column":4},"end":{"line":74,"column":21}},"44":{"start":{"line":78,"column":0},"end":{"line":143,"column":2}},"45":{"start":{"line":81,"column":17},"end":{"line":81,"column":52}},"46":{"start":{"line":82,"column":84},"end":{"line":82,"column":88}},"47":{"start":{"line":83,"column":26},"end":{"line":83,"column":43}},"48":{"start":{"line":84,"column":4},"end":{"line":84,"column":51}},"49":{"start":{"line":85,"column":4},"end":{"line":87,"column":5}},"50":{"start":{"line":86,"column":6},"end":{"line":86,"column":65}},"51":{"start":{"line":88,"column":4},"end":{"line":90,"column":5}},"52":{"start":{"line":89,"column":6},"end":{"line":89,"column":68}},"53":{"start":{"line":91,"column":29},"end":{"line":93,"column":null}},"54":{"start":{"line":95,"column":4},"end":{"line":105,"column":5}},"55":{"start":{"line":96,"column":6},"end":{"line":98,"column":7}},"56":{"start":{"line":97,"column":8},"end":{"line":97,"column":108}},"57":{"start":{"line":99,"column":6},"end":{"line":104,"column":8}},"58":{"start":{"line":103,"column":54},"end":{"line":103,"column":106}},"59":{"start":{"line":106,"column":26},"end":{"line":106,"column":79}},"60":{"start":{"line":107,"column":35},"end":{"line":107,"column":113}},"61":{"start":{"line":108,"column":4},"end":{"line":110,"column":5}},"62":{"start":{"line":109,"column":6},"end":{"line":109,"column":116}},"63":{"start":{"line":109,"column":51},"end":{"line":109,"column":116}},"64":{"start":{"line":111,"column":23},"end":{"line":111,"column":76}},"65":{"start":{"line":112,"column":35},"end":{"line":112,"column":104}},"66":{"start":{"line":113,"column":4},"end":{"line":115,"column":5}},"67":{"start":{"line":114,"column":6},"end":{"line":114,"column":108}},"68":{"start":{"line":114,"column":50},"end":{"line":114,"column":108}},"69":{"start":{"line":116,"column":29},"end":{"line":116,"column":58}},"70":{"start":{"line":117,"column":4},"end":{"line":122,"column":5}},"71":{"start":{"line":118,"column":6},"end":{"line":120,"column":7}},"72":{"start":{"line":119,"column":8},"end":{"line":119,"column":74}},"73":{"start":{"line":121,"column":6},"end":{"line":121,"column":37}},"74":{"start":{"line":123,"column":27},"end":{"line":123,"column":28}},"75":{"start":{"line":124,"column":4},"end":{"line":129,"column":5}},"76":{"start":{"line":125,"column":6},"end":{"line":127,"column":7}},"77":{"start":{"line":126,"column":8},"end":{"line":126,"column":72}},"78":{"start":{"line":128,"column":6},"end":{"line":128,"column":33}},"79":{"start":{"line":130,"column":15},"end":{"line":130,"column":79}},"80":{"start":{"line":131,"column":27},"end":{"line":135,"column":6}},"81":{"start":{"line":136,"column":4},"end":{"line":136,"column":25}},"82":{"start":{"line":137,"column":4},"end":{"line":137,"column":59}},"83":{"start":{"line":138,"column":4},"end":{"line":138,"column":50}},"84":{"start":{"line":139,"column":18},"end":{"line":139,"column":28}},"85":{"start":{"line":140,"column":4},"end":{"line":140,"column":110}},"86":{"start":{"line":141,"column":4},"end":{"line":141,"column":33}},"87":{"start":{"line":145,"column":0},"end":{"line":166,"column":2}},"88":{"start":{"line":148,"column":19},"end":{"line":148,"column":29}},"89":{"start":{"line":149,"column":4},"end":{"line":149,"column":73}},"90":{"start":{"line":150,"column":18},"end":{"line":150,"column":55}},"91":{"start":{"line":150,"column":43},"end":{"line":150,"column":54}},"92":{"start":{"line":151,"column":4},"end":{"line":151,"column":51}},"93":{"start":{"line":151,"column":22},"end":{"line":151,"column":51}},"94":{"start":{"line":152,"column":19},"end":{"line":152,"column":33}},"95":{"start":{"line":153,"column":4},"end":{"line":153,"column":59}},"96":{"start":{"line":153,"column":30},"end":{"line":153,"column":59}},"97":{"start":{"line":154,"column":4},"end":{"line":156,"column":5}},"98":{"start":{"line":155,"column":6},"end":{"line":155,"column":102}},"99":{"start":{"line":157,"column":4},"end":{"line":159,"column":5}},"100":{"start":{"line":158,"column":6},"end":{"line":158,"column":107}},"101":{"start":{"line":160,"column":4},"end":{"line":160,"column":56}},"102":{"start":{"line":161,"column":4},"end":{"line":161,"column":71}},"103":{"start":{"line":162,"column":18},"end":{"line":162,"column":28}},"104":{"start":{"line":163,"column":4},"end":{"line":163,"column":96}},"105":{"start":{"line":164,"column":4},"end":{"line":164,"column":50}}},"fnMap":{"0":{"name":"setStreamsCache","decl":{"start":{"line":28,"column":16},"end":{"line":28,"column":31}},"loc":{"start":{"line":28,"column":58},"end":{"line":30,"column":1}}},"1":{"name":"getCache","decl":{"start":{"line":32,"column":9},"end":{"line":32,"column":17}},"loc":{"start":{"line":32,"column":17},"end":{"line":34,"column":1}}},"2":{"name":"(anonymous_3)","decl":{"start":{"line":38,"column":15},"end":{"line":38,"column":20}},"loc":{"start":{"line":38,"column":54},"end":{"line":53,"column":3}}},"3":{"name":"(anonymous_4)","decl":{"start":{"line":58,"column":15},"end":{"line":58,"column":20}},"loc":{"start":{"line":58,"column":53},"end":{"line":75,"column":3}}},"4":{"name":"(anonymous_5)","decl":{"start":{"line":70,"column":32},"end":{"line":70,"column":33}},"loc":{"start":{"line":70,"column":39},"end":{"line":70,"column":50}}},"5":{"name":"(anonymous_6)","decl":{"start":{"line":80,"column":15},"end":{"line":80,"column":20}},"loc":{"start":{"line":80,"column":53},"end":{"line":142,"column":3}}},"6":{"name":"(anonymous_7)","decl":{"start":{"line":103,"column":46},"end":{"line":103,"column":47}},"loc":{"start":{"line":103,"column":54},"end":{"line":103,"column":106}}},"7":{"name":"(anonymous_8)","decl":{"start":{"line":147,"column":15},"end":{"line":147,"column":20}},"loc":{"start":{"line":147,"column":53},"end":{"line":165,"column":3}}},"8":{"name":"(anonymous_9)","decl":{"start":{"line":150,"column":36},"end":{"line":150,"column":37}},"loc":{"start":{"line":150,"column":43},"end":{"line":150,"column":54}}}},"branchMap":{"0":{"loc":{"start":{"line":33,"column":9},"end":{"line":33,"column":43}},"type":"binary-expr","locations":[{"start":{"line":33,"column":9},"end":{"line":33,"column":23}},{"start":{"line":33,"column":27},"end":{"line":33,"column":43}}]},"1":{"loc":{"start":{"line":42,"column":4},"end":{"line":47,"column":5}},"type":"if","locations":[{"start":{"line":42,"column":4},"end":{"line":47,"column":5}}]},"2":{"loc":{"start":{"line":61,"column":37},"end":{"line":61,"column":45}},"type":"binary-expr","locations":[{"start":{"line":61,"column":37},"end":{"line":61,"column":39}},{"start":{"line":61,"column":43},"end":{"line":61,"column":45}}]},"3":{"loc":{"start":{"line":63,"column":4},"end":{"line":68,"column":5}},"type":"if","locations":[{"start":{"line":63,"column":4},"end":{"line":68,"column":5}}]},"4":{"loc":{"start":{"line":71,"column":4},"end":{"line":71,"column":46}},"type":"if","locations":[{"start":{"line":71,"column":4},"end":{"line":71,"column":46}}]},"5":{"loc":{"start":{"line":85,"column":4},"end":{"line":87,"column":5}},"type":"if","locations":[{"start":{"line":85,"column":4},"end":{"line":87,"column":5}}]},"6":{"loc":{"start":{"line":85,"column":8},"end":{"line":85,"column":58}},"type":"binary-expr","locations":[{"start":{"line":85,"column":8},"end":{"line":85,"column":34}},{"start":{"line":85,"column":38},"end":{"line":85,"column":58}}]},"7":{"loc":{"start":{"line":88,"column":4},"end":{"line":90,"column":5}},"type":"if","locations":[{"start":{"line":88,"column":4},"end":{"line":90,"column":5}}]},"8":{"loc":{"start":{"line":88,"column":8},"end":{"line":88,"column":64}},"type":"binary-expr","locations":[{"start":{"line":88,"column":8},"end":{"line":88,"column":37}},{"start":{"line":88,"column":41},"end":{"line":88,"column":64}}]},"9":{"loc":{"start":{"line":95,"column":4},"end":{"line":105,"column":5}},"type":"if","locations":[{"start":{"line":95,"column":4},"end":{"line":105,"column":5}}]},"10":{"loc":{"start":{"line":97,"column":45},"end":{"line":97,"column":67}},"type":"binary-expr","locations":[{"start":{"line":97,"column":45},"end":{"line":97,"column":54}},{"start":{"line":97,"column":58},"end":{"line":97,"column":67}}]},"11":{"loc":{"start":{"line":107,"column":35},"end":{"line":107,"column":113}},"type":"cond-expr","locations":[{"start":{"line":107,"column":88},"end":{"line":107,"column":107}},{"start":{"line":107,"column":110},"end":{"line":107,"column":113}}]},"12":{"loc":{"start":{"line":107,"column":35},"end":{"line":107,"column":85}},"type":"binary-expr","locations":[{"start":{"line":107,"column":35},"end":{"line":107,"column":54}},{"start":{"line":107,"column":58},"end":{"line":107,"column":85}}]},"13":{"loc":{"start":{"line":108,"column":4},"end":{"line":110,"column":5}},"type":"if","locations":[{"start":{"line":108,"column":4},"end":{"line":110,"column":5}}]},"14":{"loc":{"start":{"line":108,"column":8},"end":{"line":108,"column":61}},"type":"binary-expr","locations":[{"start":{"line":108,"column":8},"end":{"line":108,"column":35}},{"start":{"line":108,"column":39},"end":{"line":108,"column":61}}]},"15":{"loc":{"start":{"line":109,"column":6},"end":{"line":109,"column":116}},"type":"if","locations":[{"start":{"line":109,"column":6},"end":{"line":109,"column":116}}]},"16":{"loc":{"start":{"line":112,"column":35},"end":{"line":112,"column":104}},"type":"cond-expr","locations":[{"start":{"line":112,"column":82},"end":{"line":112,"column":98}},{"start":{"line":112,"column":101},"end":{"line":112,"column":104}}]},"17":{"loc":{"start":{"line":112,"column":35},"end":{"line":112,"column":79}},"type":"binary-expr","locations":[{"start":{"line":112,"column":35},"end":{"line":112,"column":51}},{"start":{"line":112,"column":55},"end":{"line":112,"column":79}}]},"18":{"loc":{"start":{"line":113,"column":4},"end":{"line":115,"column":5}},"type":"if","locations":[{"start":{"line":113,"column":4},"end":{"line":115,"column":5}}]},"19":{"loc":{"start":{"line":113,"column":8},"end":{"line":113,"column":61}},"type":"binary-expr","locations":[{"start":{"line":113,"column":8},"end":{"line":113,"column":35}},{"start":{"line":113,"column":39},"end":{"line":113,"column":61}}]},"20":{"loc":{"start":{"line":114,"column":6},"end":{"line":114,"column":108}},"type":"if","locations":[{"start":{"line":114,"column":6},"end":{"line":114,"column":108}}]},"21":{"loc":{"start":{"line":117,"column":4},"end":{"line":122,"column":5}},"type":"if","locations":[{"start":{"line":117,"column":4},"end":{"line":122,"column":5}}]},"22":{"loc":{"start":{"line":118,"column":6},"end":{"line":120,"column":7}},"type":"if","locations":[{"start":{"line":118,"column":6},"end":{"line":120,"column":7}}]},"23":{"loc":{"start":{"line":118,"column":10},"end":{"line":118,"column":88}},"type":"binary-expr","locations":[{"start":{"line":118,"column":10},"end":{"line":118,"column":39}},{"start":{"line":118,"column":43},"end":{"line":118,"column":71}},{"start":{"line":118,"column":75},"end":{"line":118,"column":88}}]},"24":{"loc":{"start":{"line":124,"column":4},"end":{"line":129,"column":5}},"type":"if","locations":[{"start":{"line":124,"column":4},"end":{"line":129,"column":5}}]},"25":{"loc":{"start":{"line":125,"column":6},"end":{"line":127,"column":7}},"type":"if","locations":[{"start":{"line":125,"column":6},"end":{"line":127,"column":7}}]},"26":{"loc":{"start":{"line":125,"column":10},"end":{"line":125,"column":82}},"type":"binary-expr","locations":[{"start":{"line":125,"column":10},"end":{"line":125,"column":37}},{"start":{"line":125,"column":41},"end":{"line":125,"column":67}},{"start":{"line":125,"column":71},"end":{"line":125,"column":82}}]},"27":{"loc":{"start":{"line":151,"column":4},"end":{"line":151,"column":51}},"type":"if","locations":[{"start":{"line":151,"column":4},"end":{"line":151,"column":51}}]},"28":{"loc":{"start":{"line":153,"column":4},"end":{"line":153,"column":59}},"type":"if","locations":[{"start":{"line":153,"column":4},"end":{"line":153,"column":59}}]},"29":{"loc":{"start":{"line":154,"column":4},"end":{"line":156,"column":5}},"type":"if","locations":[{"start":{"line":154,"column":4},"end":{"line":156,"column":5}}]},"30":{"loc":{"start":{"line":157,"column":4},"end":{"line":159,"column":5}},"type":"if","locations":[{"start":{"line":157,"column":4},"end":{"line":159,"column":5}}]},"31":{"loc":{"start":{"line":163,"column":49},"end":{"line":163,"column":57}},"type":"binary-expr","locations":[{"start":{"line":163,"column":49},"end":{"line":163,"column":51}},{"start":{"line":163,"column":55},"end":{"line":163,"column":57}}]}},"s":{"0":6,"1":6,"2":6,"3":6,"4":6,"5":6,"6":6,"7":6,"8":6,"9":6,"10":158,"11":70,"12":6,"13":25,"14":25,"15":25,"16":25,"17":6,"18":6,"19":6,"20":6,"21":19,"22":19,"23":19,"24":19,"25":19,"26":6,"27":13,"28":13,"29":13,"30":13,"31":13,"32":6,"33":6,"34":6,"35":6,"36":7,"37":7,"38":40,"39":7,"40":5,"41":2,"42":2,"43":2,"44":6,"45":73,"46":73,"47":73,"48":73,"49":73,"50":16,"51":57,"52":4,"53":53,"54":53,"55":15,"56":18,"57":15,"58":18,"59":38,"60":38,"61":38,"62":37,"63":3,"64":35,"65":35,"66":35,"67":34,"68":2,"69":33,"70":33,"71":7,"72":5,"73":2,"74":28,"75":28,"76":4,"77":3,"78":1,"79":25,"80":25,"81":25,"82":25,"83":25,"84":25,"85":25,"86":25,"87":6,"88":13,"89":13,"90":13,"91":77,"92":13,"93":2,"94":11,"95":11,"96":0,"97":11,"98":4,"99":7,"100":0,"101":7,"102":7,"103":7,"104":7,"105":7},"f":{"0":158,"1":70,"2":25,"3":13,"4":40,"5":73,"6":18,"7":13,"8":77},"b":{"0":[70,9],"1":[6],"2":[13,0],"3":[6],"4":[5],"5":[16],"6":[73,66],"7":[4],"8":[57,54],"9":[15],"10":[18,0],"11":[37,1],"12":[38,37],"13":[37],"14":[38,37],"15":[3],"16":[34,1],"17":[35,34],"18":[34],"19":[35,34],"20":[2],"21":[7],"22":[5],"23":[7,6,4],"24":[4],"25":[3],"26":[4,3,2],"27":[2],"28":[0],"29":[4],"30":[0],"31":[7,0]}}
}
