{"/workspaces/Fluxora-Backend/src/redis/client.ts": {"path":"/workspaces/Fluxora-Backend/src/redis/client.ts","statementMap":{"0":{"start":{"line":52,"column":2},"end":{"line":63,"column":null}},"1":{"start":{"line":54,"column":16},"end":{"line":54,"column":24}},"2":{"start":{"line":57,"column":24},"end":{"line":57,"column":42}},"3":{"start":{"line":58,"column":6},"end":{"line":58,"column":null}},"4":{"start":{"line":58,"column":28},"end":{"line":58,"column":null}},"5":{"start":{"line":59,"column":19},"end":{"line":59,"column":40}},"6":{"start":{"line":60,"column":19},"end":{"line":60,"column":55}},"7":{"start":{"line":61,"column":6},"end":{"line":61,"column":null}},"8":{"start":{"line":61,"column":32},"end":{"line":61,"column":null}},"9":{"start":{"line":62,"column":6},"end":{"line":62,"column":null}},"10":{"start":{"line":68,"column":2},"end":{"line":68,"column":null}},"11":{"start":{"line":68,"column":29},"end":{"line":68,"column":67}},"12":{"start":{"line":69,"column":2},"end":{"line":69,"column":null}},"13":{"start":{"line":69,"column":27},"end":{"line":69,"column":63}},"14":{"start":{"line":70,"column":2},"end":{"line":70,"column":null}},"15":{"start":{"line":70,"column":34},"end":{"line":70,"column":77}},"16":{"start":{"line":71,"column":2},"end":{"line":73,"column":null}},"17":{"start":{"line":72,"column":4},"end":{"line":72,"column":61}},"18":{"start":{"line":74,"column":2},"end":{"line":74,"column":null}},"19":{"start":{"line":74,"column":27},"end":{"line":74,"column":63}},"20":{"start":{"line":75,"column":2},"end":{"line":75,"column":null}},"21":{"start":{"line":75,"column":25},"end":{"line":75,"column":59}},"22":{"start":{"line":83,"column":31},"end":{"line":83,"column":56}},"23":{"start":{"line":86,"column":4},"end":{"line":86,"column":null}},"24":{"start":{"line":90,"column":4},"end":{"line":93,"column":null}},"25":{"start":{"line":91,"column":6},"end":{"line":91,"column":null}},"26":{"start":{"line":93,"column":6},"end":{"line":93,"column":null}},"27":{"start":{"line":98,"column":4},"end":{"line":98,"column":null}},"28":{"start":{"line":102,"column":4},"end":{"line":102,"column":null}},"29":{"start":{"line":106,"column":21},"end":{"line":106,"column":40}},"30":{"start":{"line":107,"column":35},"end":{"line":127,"column":null}},"31":{"start":{"line":109,"column":8},"end":{"line":109,"column":null}},"32":{"start":{"line":110,"column":8},"end":{"line":110,"column":null}},"33":{"start":{"line":113,"column":8},"end":{"line":113,"column":null}},"34":{"start":{"line":114,"column":8},"end":{"line":114,"column":null}},"35":{"start":{"line":117,"column":8},"end":{"line":117,"column":null}},"36":{"start":{"line":118,"column":8},"end":{"line":118,"column":null}},"37":{"start":{"line":121,"column":8},"end":{"line":121,"column":null}},"38":{"start":{"line":122,"column":8},"end":{"line":122,"column":null}},"39":{"start":{"line":125,"column":8},"end":{"line":125,"column":null}},"40":{"start":{"line":128,"column":4},"end":{"line":128,"column":null}},"41":{"start":{"line":132,"column":4},"end":{"line":132,"column":null}},"42":{"start":{"line":142,"column":20},"end":{"line":142,"column":null}},"43":{"start":{"line":143,"column":17},"end":{"line":143,"column":null}},"44":{"start":{"line":147,"column":4},"end":{"line":152,"column":null}},"45":{"start":{"line":148,"column":6},"end":{"line":148,"column":null}},"46":{"start":{"line":149,"column":15},"end":{"line":152,"column":null}},"47":{"start":{"line":150,"column":6},"end":{"line":150,"column":null}},"48":{"start":{"line":152,"column":6},"end":{"line":152,"column":null}},"49":{"start":{"line":155,"column":4},"end":{"line":155,"column":null}},"50":{"start":{"line":156,"column":4},"end":{"line":156,"column":null}},"51":{"start":{"line":163,"column":20},"end":{"line":163,"column":null}},"52":{"start":{"line":164,"column":16},"end":{"line":164,"column":35}},"53":{"start":{"line":165,"column":17},"end":{"line":165,"column":49}},"54":{"start":{"line":166,"column":17},"end":{"line":166,"column":null}},"55":{"start":{"line":167,"column":21},"end":{"line":167,"column":null}},"56":{"start":{"line":169,"column":19},"end":{"line":175,"column":6}},"57":{"start":{"line":176,"column":4},"end":{"line":176,"column":null}},"58":{"start":{"line":177,"column":4},"end":{"line":177,"column":null}},"59":{"start":{"line":184,"column":4},"end":{"line":185,"column":null}},"60":{"start":{"line":185,"column":6},"end":{"line":185,"column":null}},"61":{"start":{"line":187,"column":17},"end":{"line":187,"column":null}},"62":{"start":{"line":188,"column":22},"end":{"line":188,"column":58}},"63":{"start":{"line":191,"column":20},"end":{"line":191,"column":null}},"64":{"start":{"line":192,"column":10},"end":{"line":198,"column":null}},"65":{"start":{"line":193,"column":6},"end":{"line":196,"column":null}},"66":{"start":{"line":194,"column":8},"end":{"line":194,"column":null}},"67":{"start":{"line":196,"column":8},"end":{"line":196,"column":null}},"68":{"start":{"line":200,"column":19},"end":{"line":208,"column":6}},"69":{"start":{"line":209,"column":4},"end":{"line":209,"column":null}},"70":{"start":{"line":210,"column":4},"end":{"line":210,"column":null}},"71":{"start":{"line":217,"column":4},"end":{"line":218,"column":null}},"72":{"start":{"line":218,"column":6},"end":{"line":218,"column":null}},"73":{"start":{"line":220,"column":18},"end":{"line":220,"column":53}},"74":{"start":{"line":222,"column":20},"end":{"line":222,"column":null}},"75":{"start":{"line":223,"column":10},"end":{"line":229,"column":null}},"76":{"start":{"line":224,"column":6},"end":{"line":227,"column":null}},"77":{"start":{"line":225,"column":8},"end":{"line":225,"column":null}},"78":{"start":{"line":227,"column":8},"end":{"line":227,"column":null}},"79":{"start":{"line":231,"column":19},"end":{"line":238,"column":6}},"80":{"start":{"line":239,"column":4},"end":{"line":239,"column":null}},"81":{"start":{"line":240,"column":4},"end":{"line":240,"column":null}},"82":{"start":{"line":248,"column":34},"end":{"line":248,"column":65}},"83":{"start":{"line":251,"column":2},"end":{"line":251,"column":null}},"84":{"start":{"line":255,"column":2},"end":{"line":255,"column":null}},"85":{"start":{"line":259,"column":2},"end":{"line":259,"column":null}},"86":{"start":{"line":267,"column":40},"end":{"line":267,"column":null}},"87":{"start":{"line":268,"column":31},"end":{"line":268,"column":null}},"88":{"start":{"line":269,"column":37},"end":{"line":269,"column":null}},"89":{"start":{"line":270,"column":33},"end":{"line":270,"column":null}},"90":{"start":{"line":272,"column":32},"end":{"line":278,"column":null}},"91":{"start":{"line":273,"column":15},"end":{"line":273,"column":null}},"92":{"start":{"line":274,"column":27},"end":{"line":274,"column":null}},"93":{"start":{"line":275,"column":16},"end":{"line":275,"column":null}},"94":{"start":{"line":276,"column":18},"end":{"line":276,"column":null}},"95":{"start":{"line":277,"column":21},"end":{"line":277,"column":null}},"96":{"start":{"line":279,"column":4},"end":{"line":279,"column":null}},"97":{"start":{"line":281,"column":36},"end":{"line":281,"column":null}}},"fnMap":{"0":{"name":"parseHostPorts","decl":{"start":{"line":51,"column":9},"end":{"line":51,"column":24}},"loc":{"start":{"line":51,"column":76},"end":{"line":63,"column":null}},"line":51},"1":{"name":"(anonymous_1)","decl":{"start":{"line":54,"column":5},"end":{"line":54,"column":10}},"loc":{"start":{"line":54,"column":16},"end":{"line":54,"column":24}},"line":54},"2":{"name":"(anonymous_2)","decl":{"start":{"line":56,"column":5},"end":{"line":56,"column":10}},"loc":{"start":{"line":56,"column":16},"end":{"line":63,"column":null}},"line":56},"3":{"name":"attachLogListeners","decl":{"start":{"line":67,"column":9},"end":{"line":67,"column":28}},"loc":{"start":{"line":67,"column":73},"end":{"line":75,"column":null}},"line":67},"4":{"name":"(anonymous_4)","decl":{"start":{"line":68,"column":12},"end":{"line":68,"column":29}},"loc":{"start":{"line":68,"column":29},"end":{"line":68,"column":67}},"line":68},"5":{"name":"(anonymous_5)","decl":{"start":{"line":69,"column":12},"end":{"line":69,"column":27}},"loc":{"start":{"line":69,"column":27},"end":{"line":69,"column":63}},"line":69},"6":{"name":"(anonymous_6)","decl":{"start":{"line":70,"column":12},"end":{"line":70,"column":34}},"loc":{"start":{"line":70,"column":34},"end":{"line":70,"column":77}},"line":70},"7":{"name":"(anonymous_7)","decl":{"start":{"line":71,"column":12},"end":{"line":71,"column":22}},"loc":{"start":{"line":72,"column":4},"end":{"line":72,"column":61}},"line":72},"8":{"name":"(anonymous_8)","decl":{"start":{"line":74,"column":12},"end":{"line":74,"column":27}},"loc":{"start":{"line":74,"column":27},"end":{"line":74,"column":63}},"line":74},"9":{"name":"(anonymous_9)","decl":{"start":{"line":75,"column":12},"end":{"line":75,"column":25}},"loc":{"start":{"line":75,"column":25},"end":{"line":75,"column":59}},"line":75},"10":{"name":"constructor","decl":{"start":{"line":83,"column":2},"end":{"line":83,"column":14}},"loc":{"start":{"line":83,"column":56},"end":{"line":83,"column":56}},"line":83},"11":{"name":"get","decl":{"start":{"line":85,"column":8},"end":{"line":85,"column":12}},"loc":{"start":{"line":85,"column":49},"end":{"line":86,"column":null}},"line":85},"12":{"name":"set","decl":{"start":{"line":89,"column":8},"end":{"line":89,"column":12}},"loc":{"start":{"line":89,"column":82},"end":{"line":93,"column":null}},"line":89},"13":{"name":"exists","decl":{"start":{"line":97,"column":8},"end":{"line":97,"column":15}},"loc":{"start":{"line":97,"column":46},"end":{"line":98,"column":null}},"line":97},"14":{"name":"close","decl":{"start":{"line":101,"column":8},"end":{"line":101,"column":31}},"loc":{"start":{"line":101,"column":31},"end":{"line":102,"column":null}},"line":101},"15":{"name":"multi","decl":{"start":{"line":105,"column":2},"end":{"line":105,"column":25}},"loc":{"start":{"line":105,"column":25},"end":{"line":128,"column":null}},"line":105},"16":{"name":"zadd","decl":{"start":{"line":108,"column":6},"end":{"line":108,"column":11}},"loc":{"start":{"line":108,"column":35},"end":{"line":110,"column":null}},"line":108},"17":{"name":"zremrangebyscore","decl":{"start":{"line":112,"column":6},"end":{"line":112,"column":23}},"loc":{"start":{"line":112,"column":38},"end":{"line":114,"column":null}},"line":112},"18":{"name":"zcard","decl":{"start":{"line":116,"column":6},"end":{"line":116,"column":12}},"loc":{"start":{"line":116,"column":17},"end":{"line":118,"column":null}},"line":116},"19":{"name":"pexpire","decl":{"start":{"line":120,"column":6},"end":{"line":120,"column":14}},"loc":{"start":{"line":120,"column":23},"end":{"line":122,"column":null}},"line":120},"20":{"name":"exec","decl":{"start":{"line":124,"column":6},"end":{"line":124,"column":13}},"loc":{"start":{"line":124,"column":13},"end":{"line":125,"column":null}},"line":124},"21":{"name":"zcount","decl":{"start":{"line":131,"column":8},"end":{"line":131,"column":15}},"loc":{"start":{"line":131,"column":89},"end":{"line":132,"column":null}},"line":131},"22":{"name":"createClient","decl":{"start":{"line":141,"column":8},"end":{"line":141,"column":21}},"loc":{"start":{"line":141,"column":64},"end":{"line":156,"column":null}},"line":141},"23":{"name":"_createStandalone","decl":{"start":{"line":159,"column":16},"end":{"line":159,"column":null}},"loc":{"start":{"line":162,"column":20},"end":{"line":177,"column":null}},"line":162},"24":{"name":"_createSentinel","decl":{"start":{"line":180,"column":16},"end":{"line":180,"column":null}},"loc":{"start":{"line":183,"column":20},"end":{"line":210,"column":null}},"line":183},"25":{"name":"(anonymous_25)","decl":{"start":{"line":192,"column":10},"end":{"line":192,"column":28}},"loc":{"start":{"line":192,"column":28},"end":{"line":198,"column":null}},"line":192},"26":{"name":"_createCluster","decl":{"start":{"line":213,"column":16},"end":{"line":213,"column":null}},"loc":{"start":{"line":216,"column":22},"end":{"line":240,"column":null}},"line":216},"27":{"name":"(anonymous_27)","decl":{"start":{"line":223,"column":10},"end":{"line":223,"column":28}},"loc":{"start":{"line":223,"column":28},"end":{"line":229,"column":null}},"line":223},"28":{"name":"setRedisClientFactory","decl":{"start":{"line":250,"column":16},"end":{"line":250,"column":38}},"loc":{"start":{"line":250,"column":67},"end":{"line":251,"column":null}},"line":250},"29":{"name":"getRedisClientFactory","decl":{"start":{"line":254,"column":16},"end":{"line":254,"column":60}},"loc":{"start":{"line":254,"column":60},"end":{"line":255,"column":null}},"line":254},"30":{"name":"createRedisClient","decl":{"start":{"line":258,"column":22},"end":{"line":258,"column":40}},"loc":{"start":{"line":258,"column":83},"end":{"line":259,"column":null}},"line":258},"31":{"name":"get","decl":{"start":{"line":267,"column":8},"end":{"line":267,"column":38}},"loc":{"start":{"line":267,"column":38},"end":{"line":267,"column":null}},"line":267},"32":{"name":"set","decl":{"start":{"line":268,"column":8},"end":{"line":268,"column":29}},"loc":{"start":{"line":268,"column":29},"end":{"line":268,"column":null}},"line":268},"33":{"name":"exists","decl":{"start":{"line":269,"column":8},"end":{"line":269,"column":35}},"loc":{"start":{"line":269,"column":35},"end":{"line":269,"column":null}},"line":269},"34":{"name":"close","decl":{"start":{"line":270,"column":8},"end":{"line":270,"column":31}},"loc":{"start":{"line":270,"column":31},"end":{"line":270,"column":null}},"line":270},"35":{"name":"multi","decl":{"start":{"line":271,"column":2},"end":{"line":271,"column":25}},"loc":{"start":{"line":271,"column":25},"end":{"line":279,"column":null}},"line":271},"36":{"name":"zadd","decl":{"start":{"line":273,"column":6},"end":{"line":273,"column":13}},"loc":{"start":{"line":273,"column":13},"end":{"line":273,"column":null}},"line":273},"37":{"name":"zremrangebyscore","decl":{"start":{"line":274,"column":6},"end":{"line":274,"column":25}},"loc":{"start":{"line":274,"column":25},"end":{"line":274,"column":null}},"line":274},"38":{"name":"zcard","decl":{"start":{"line":275,"column":6},"end":{"line":275,"column":14}},"loc":{"start":{"line":275,"column":14},"end":{"line":275,"column":null}},"line":275},"39":{"name":"pexpire","decl":{"start":{"line":276,"column":6},"end":{"line":276,"column":16}},"loc":{"start":{"line":276,"column":16},"end":{"line":276,"column":null}},"line":276},"40":{"name":"exec","decl":{"start":{"line":277,"column":12},"end":{"line":277,"column":19}},"loc":{"start":{"line":277,"column":19},"end":{"line":277,"column":null}},"line":277},"41":{"name":"zcount","decl":{"start":{"line":281,"column":8},"end":{"line":281,"column":34}},"loc":{"start":{"line":281,"column":34},"end":{"line":281,"column":null}},"line":281}},"branchMap":{"0":{"loc":{"start":{"line":58,"column":6},"end":{"line":58,"column":null}},"type":"if","locations":[{"start":{"line":58,"column":6},"end":{"line":58,"column":null}},{"start":{},"end":{}}],"line":58},"1":{"loc":{"start":{"line":61,"column":6},"end":{"line":61,"column":null}},"type":"if","locations":[{"start":{"line":61,"column":6},"end":{"line":61,"column":null}},{"start":{},"end":{}}],"line":61},"2":{"loc":{"start":{"line":61,"column":10},"end":{"line":61,"column":30}},"type":"binary-expr","locations":[{"start":{"line":61,"column":10},"end":{"line":61,"column":19}},{"start":{"line":61,"column":19},"end":{"line":61,"column":30}}],"line":61},"3":{"loc":{"start":{"line":90,"column":4},"end":{"line":93,"column":null}},"type":"if","locations":[{"start":{"line":90,"column":4},"end":{"line":93,"column":null}},{"start":{"line":92,"column":11},"end":{"line":93,"column":null}}],"line":90},"4":{"loc":{"start":{"line":143,"column":17},"end":{"line":143,"column":null}},"type":"binary-expr","locations":[{"start":{"line":143,"column":17},"end":{"line":143,"column":32}},{"start":{"line":143,"column":32},"end":{"line":143,"column":null}}],"line":143},"5":{"loc":{"start":{"line":147,"column":4},"end":{"line":152,"column":null}},"type":"if","locations":[{"start":{"line":147,"column":4},"end":{"line":152,"column":null}},{"start":{"line":149,"column":15},"end":{"line":152,"column":null}}],"line":147},"6":{"loc":{"start":{"line":149,"column":15},"end":{"line":152,"column":null}},"type":"if","locations":[{"start":{"line":149,"column":15},"end":{"line":152,"column":null}},{"start":{"line":151,"column":11},"end":{"line":152,"column":null}}],"line":149},"7":{"loc":{"start":{"line":165,"column":26},"end":{"line":165,"column":46}},"type":"binary-expr","locations":[{"start":{"line":165,"column":26},"end":{"line":165,"column":38}},{"start":{"line":165,"column":38},"end":{"line":165,"column":46}}],"line":165},"8":{"loc":{"start":{"line":166,"column":17},"end":{"line":166,"column":null}},"type":"binary-expr","locations":[{"start":{"line":166,"column":17},"end":{"line":166,"column":33}},{"start":{"line":166,"column":33},"end":{"line":166,"column":null}}],"line":166},"9":{"loc":{"start":{"line":167,"column":21},"end":{"line":167,"column":null}},"type":"binary-expr","locations":[{"start":{"line":167,"column":21},"end":{"line":167,"column":37}},{"start":{"line":167,"column":37},"end":{"line":167,"column":null}}],"line":167},"10":{"loc":{"start":{"line":184,"column":4},"end":{"line":185,"column":null}},"type":"if","locations":[{"start":{"line":184,"column":4},"end":{"line":185,"column":null}},{"start":{},"end":{}}],"line":184},"11":{"loc":{"start":{"line":187,"column":17},"end":{"line":187,"column":null}},"type":"binary-expr","locations":[{"start":{"line":187,"column":17},"end":{"line":187,"column":40}},{"start":{"line":187,"column":40},"end":{"line":187,"column":null}}],"line":187},"12":{"loc":{"start":{"line":194,"column":15},"end":{"line":194,"column":null}},"type":"binary-expr","locations":[{"start":{"line":194,"column":15},"end":{"line":194,"column":47}},{"start":{"line":194,"column":47},"end":{"line":194,"column":null}}],"line":194},"13":{"loc":{"start":{"line":217,"column":4},"end":{"line":218,"column":null}},"type":"if","locations":[{"start":{"line":217,"column":4},"end":{"line":218,"column":null}},{"start":{},"end":{}}],"line":217},"14":{"loc":{"start":{"line":225,"column":15},"end":{"line":225,"column":null}},"type":"binary-expr","locations":[{"start":{"line":225,"column":15},"end":{"line":225,"column":47}},{"start":{"line":225,"column":47},"end":{"line":225,"column":null}}],"line":225}},"s":{"0":15,"1":19,"2":19,"3":19,"4":1,"5":18,"6":18,"7":18,"8":1,"9":17,"10":38,"11":1,"12":38,"13":1,"14":38,"15":2,"16":38,"17":1,"18":38,"19":2,"20":38,"21":1,"22":38,"23":2,"24":2,"25":1,"26":1,"27":2,"28":1,"29":7,"30":7,"31":2,"32":2,"33":2,"34":2,"35":2,"36":2,"37":2,"38":2,"39":1,"40":7,"41":1,"42":43,"43":43,"44":43,"45":7,"46":36,"47":10,"48":26,"49":38,"50":38,"51":26,"52":26,"53":26,"54":26,"55":26,"56":26,"57":26,"58":25,"59":10,"60":1,"61":9,"62":10,"63":10,"64":8,"65":8,"66":8,"67":1,"68":8,"69":8,"70":8,"71":7,"72":1,"73":6,"74":6,"75":5,"76":5,"77":5,"78":1,"79":5,"80":5,"81":5,"82":1,"83":7,"84":3,"85":1,"86":1,"87":1,"88":1,"89":1,"90":1,"91":1,"92":1,"93":1,"94":1,"95":1,"96":1,"97":1},"f":{"0":15,"1":19,"2":19,"3":38,"4":1,"5":1,"6":2,"7":1,"8":2,"9":1,"10":38,"11":2,"12":2,"13":2,"14":1,"15":7,"16":2,"17":2,"18":2,"19":2,"20":1,"21":1,"22":43,"23":26,"24":10,"25":8,"26":7,"27":5,"28":7,"29":3,"30":1,"31":1,"32":1,"33":1,"34":1,"35":1,"36":1,"37":1,"38":1,"39":1,"40":1,"41":1},"b":{"0":[1,18],"1":[1,17],"2":[18,18],"3":[1,1],"4":[43,26],"5":[7,36],"6":[10,26],"7":[26,1],"8":[26,0],"9":[26,25],"10":[1,9],"11":[9,8],"12":[8,6],"13":[1,6],"14":[5,3]},"meta":{"lastBranch":15,"lastFunction":42,"lastStatement":98,"seen":{"f:51:9:51:24":0,"s:52:2:63:Infinity":0,"f:54:5:54:10":1,"s:54:16:54:24":1,"f:56:5:56:10":2,"s:57:24:57:42":2,"b:58:6:58:Infinity:undefined:undefined:undefined:undefined":0,"s:58:6:58:Infinity":3,"s:58:28:58:Infinity":4,"s:59:19:59:40":5,"s:60:19:60:55":6,"b:61:6:61:Infinity:undefined:undefined:undefined:undefined":1,"s:61:6:61:Infinity":7,"b:61:10:61:19:61:19:61:30":2,"s:61:32:61:Infinity":8,"s:62:6:62:Infinity":9,"f:67:9:67:28":3,"s:68:2:68:Infinity":10,"f:68:12:68:29":4,"s:68:29:68:67":11,"s:69:2:69:Infinity":12,"f:69:12:69:27":5,"s:69:27:69:63":13,"s:70:2:70:Infinity":14,"f:70:12:70:34":6,"s:70:34:70:77":15,"s:71:2:73:Infinity":16,"f:71:12:71:22":7,"s:72:4:72:61":17,"s:74:2:74:Infinity":18,"f:74:12:74:27":8,"s:74:27:74:63":19,"s:75:2:75:Infinity":20,"f:75:12:75:25":9,"s:75:25:75:59":21,"f:83:2:83:14":10,"s:83:31:83:56":22,"f:85:8:85:12":11,"s:86:4:86:Infinity":23,"f:89:8:89:12":12,"b:90:4:93:Infinity:92:11:93:Infinity":3,"s:90:4:93:Infinity":24,"s:91:6:91:Infinity":25,"s:93:6:93:Infinity":26,"f:97:8:97:15":13,"s:98:4:98:Infinity":27,"f:101:8:101:31":14,"s:102:4:102:Infinity":28,"f:105:2:105:25":15,"s:106:21:106:40":29,"s:107:35:127:Infinity":30,"f:108:6:108:11":16,"s:109:8:109:Infinity":31,"s:110:8:110:Infinity":32,"f:112:6:112:23":17,"s:113:8:113:Infinity":33,"s:114:8:114:Infinity":34,"f:116:6:116:12":18,"s:117:8:117:Infinity":35,"s:118:8:118:Infinity":36,"f:120:6:120:14":19,"s:121:8:121:Infinity":37,"s:122:8:122:Infinity":38,"f:124:6:124:13":20,"s:125:8:125:Infinity":39,"s:128:4:128:Infinity":40,"f:131:8:131:15":21,"s:132:4:132:Infinity":41,"f:141:8:141:21":22,"s:142:20:142:Infinity":42,"s:143:17:143:Infinity":43,"b:143:17:143:32:143:32:143:Infinity":4,"b:147:4:152:Infinity:149:15:152:Infinity":5,"s:147:4:152:Infinity":44,"s:148:6:148:Infinity":45,"b:149:15:152:Infinity:151:11:152:Infinity":6,"s:149:15:152:Infinity":46,"s:150:6:150:Infinity":47,"s:152:6:152:Infinity":48,"s:155:4:155:Infinity":49,"s:156:4:156:Infinity":50,"f:159:16:159:Infinity":23,"s:163:20:163:Infinity":51,"s:164:16:164:35":52,"s:165:17:165:49":53,"b:165:26:165:38:165:38:165:46":7,"s:166:17:166:Infinity":54,"b:166:17:166:33:166:33:166:Infinity":8,"s:167:21:167:Infinity":55,"b:167:21:167:37:167:37:167:Infinity":9,"s:169:19:175:6":56,"s:176:4:176:Infinity":57,"s:177:4:177:Infinity":58,"f:180:16:180:Infinity":24,"b:184:4:185:Infinity:undefined:undefined:undefined:undefined":10,"s:184:4:185:Infinity":59,"s:185:6:185:Infinity":60,"s:187:17:187:Infinity":61,"b:187:17:187:40:187:40:187:Infinity":11,"s:188:22:188:58":62,"s:191:20:191:Infinity":63,"s:192:10:198:Infinity":64,"f:192:10:192:28":25,"s:193:6:196:Infinity":65,"s:194:8:194:Infinity":66,"b:194:15:194:47:194:47:194:Infinity":12,"s:196:8:196:Infinity":67,"s:200:19:208:6":68,"s:209:4:209:Infinity":69,"s:210:4:210:Infinity":70,"f:213:16:213:Infinity":26,"b:217:4:218:Infinity:undefined:undefined:undefined:undefined":13,"s:217:4:218:Infinity":71,"s:218:6:218:Infinity":72,"s:220:18:220:53":73,"s:222:20:222:Infinity":74,"s:223:10:229:Infinity":75,"f:223:10:223:28":27,"s:224:6:227:Infinity":76,"s:225:8:225:Infinity":77,"b:225:15:225:47:225:47:225:Infinity":14,"s:227:8:227:Infinity":78,"s:231:19:238:6":79,"s:239:4:239:Infinity":80,"s:240:4:240:Infinity":81,"s:248:34:248:65":82,"f:250:16:250:38":28,"s:251:2:251:Infinity":83,"f:254:16:254:60":29,"s:255:2:255:Infinity":84,"f:258:22:258:40":30,"s:259:2:259:Infinity":85,"f:267:8:267:38":31,"s:267:40:267:Infinity":86,"f:268:8:268:29":32,"s:268:31:268:Infinity":87,"f:269:8:269:35":33,"s:269:37:269:Infinity":88,"f:270:8:270:31":34,"s:270:33:270:Infinity":89,"f:271:2:271:25":35,"s:272:32:278:Infinity":90,"f:273:6:273:13":36,"s:273:15:273:Infinity":91,"f:274:6:274:25":37,"s:274:27:274:Infinity":92,"f:275:6:275:14":38,"s:275:16:275:Infinity":93,"f:276:6:276:16":39,"s:276:18:276:Infinity":94,"f:277:12:277:19":40,"s:277:21:277:Infinity":95,"s:279:4:279:Infinity":96,"f:281:8:281:34":41,"s:281:36:281:Infinity":97}}}
}
