TN:
SF:src\app.ts
FN:22,createApp
FN:26,(anonymous_2)
FN:42,(anonymous_3)
FN:51,(anonymous_4)
FNF:4
FNH:3
FNDA:16,createApp
FNDA:35,(anonymous_2)
FNDA:1,(anonymous_3)
FNDA:0,(anonymous_4)
DA:1,4
DA:3,4
DA:4,4
DA:5,4
DA:6,4
DA:7,4
DA:8,4
DA:9,4
DA:22,4
DA:23,16
DA:26,16
DA:27,35
DA:28,35
DA:29,35
DA:30,35
DA:33,16
DA:34,16
DA:35,16
DA:36,16
DA:37,16
DA:39,16
DA:40,16
DA:42,16
DA:43,1
DA:50,16
DA:51,0
DA:52,0
DA:56,16
DA:57,16
DA:59,16
DA:62,4
LF:31
LH:29
BRDA:22,0,0,16
BRDA:33,1,0,16
BRDA:33,1,1,16
BRDA:50,2,0,0
BRF:4
BRH:3
end_of_record
TN:
SF:src\errors.ts
FN:11,(anonymous_0)
FN:26,requestIdMiddleware
FN:33,notFoundHandler
FN:37,normalizeExpressError
FN:56,errorHandler
FNF:5
FNH:5
FNDA:14,(anonymous_0)
FNDA:159,requestIdMiddleware
FNDA:5,notFoundHandler
FNDA:14,normalizeExpressError
FNDA:14,errorHandler
DA:1,6
DA:3,6
DA:5,6
DA:18,14
DA:19,14
DA:20,14
DA:21,14
DA:22,14
DA:26,6
DA:27,159
DA:28,159
DA:29,159
DA:30,159
DA:33,6
DA:34,5
DA:38,14
DA:40,14
DA:41,2
DA:43,12
DA:44,2
DA:46,10
DA:49,5
DA:50,5
DA:53,0
DA:56,6
DA:62,14
DA:63,14
DA:65,14
DA:75,14
DA:76,0
DA:78,14
DA:81,14
DA:87,14
DA:88,0
DA:91,14
LF:35
LH:32
BRDA:16,0,0,9
BRDA:27,1,0,159
BRDA:27,1,1,156
BRDA:40,2,0,2
BRDA:43,3,0,2
BRDA:43,4,0,12
BRDA:43,4,1,10
BRDA:46,5,0,5
BRDA:49,6,0,5
BRDA:71,7,0,14
BRDA:71,7,1,0
BRDA:75,8,0,0
BRDA:75,8,1,14
BRDA:87,9,0,0
BRF:14
BRH:11
end_of_record
TN:
SF:src\lib\logger.ts
FN:22,write
FN:41,(anonymous_1)
FN:44,(anonymous_2)
FN:47,(anonymous_3)
FN:50,(anonymous_4)
FNF:5
FNH:5
FNDA:72,write
FNDA:1,(anonymous_1)
FNDA:60,(anonymous_2)
FNDA:10,(anonymous_3)
FNDA:1,(anonymous_4)
DA:25,72
DA:32,72
DA:33,72
DA:34,1
DA:36,71
DA:40,10
DA:42,1
DA:45,60
DA:48,10
DA:51,1
LF:10
LH:10
BRDA:30,0,0,61
BRDA:30,0,1,11
BRDA:33,1,0,1
BRDA:33,1,1,71
BRF:4
BRH:4
end_of_record
TN:
SF:src\middleware\correlationId.ts
FN:24,correlationIdMiddleware
FNF:1
FNH:1
FNDA:159,correlationIdMiddleware
DA:18,6
DA:22,6
DA:24,6
DA:25,159
DA:27,159
DA:31,159
DA:32,159
DA:33,159
LF:8
LH:8
BRDA:27,0,0,7
BRDA:27,0,1,152
BRDA:27,1,0,159
BRDA:27,1,1,9
BRF:4
BRH:4
end_of_record
TN:
SF:src\middleware\errorHandler.ts
FN:9,(anonymous_0)
FN:20,(anonymous_1)
FN:31,errorHandler
FN:48,asyncHandler
FN:49,(anonymous_4)
FN:52,notFound
FN:56,validationError
FN:60,conflictError
FN:64,serviceUnavailable
FNF:9
FNH:7
FNDA:6,(anonymous_0)
FNDA:59,(anonymous_1)
FNDA:55,errorHandler
FNDA:24,asyncHandler
FNDA:124,(anonymous_4)
FNDA:7,notFound
FNDA:33,validationError
FNDA:0,conflictError
FNDA:0,serviceUnavailable
DA:2,6
DA:3,6
DA:9,6
DA:10,6
DA:11,6
DA:12,6
DA:13,6
DA:14,6
DA:15,6
DA:16,6
DA:19,6
DA:21,59
DA:23,59
DA:24,59
DA:26,59
DA:27,59
DA:31,6
DA:32,55
DA:33,55
DA:34,0
DA:35,0
DA:36,0
DA:38,55
DA:39,54
DA:40,54
DA:41,54
DA:43,1
DA:44,1
DA:45,1
DA:48,6
DA:49,124
DA:52,6
DA:53,7
DA:56,6
DA:57,33
DA:60,6
DA:61,0
DA:64,6
DA:65,0
LF:39
LH:34
BRDA:9,0,0,6
BRDA:9,0,1,6
BRDA:23,1,0,0
BRDA:33,2,0,0
BRDA:34,3,0,0
BRDA:34,3,1,0
BRDA:38,4,0,54
BRDA:43,5,0,1
BRDA:43,5,1,0
BRDA:53,6,0,7
BRDA:53,6,1,0
BRF:11
BRH:5
end_of_record
TN:
SF:src\middleware\idempotency.ts
FN:37,buildIdempotencyKey
FN:46,idempotencyMiddleware
FN:77,(anonymous_2)
FN:99,(anonymous_3)
FN:104,(anonymous_4)
FNF:5
FNH:4
FNDA:13,buildIdempotencyKey
FNDA:26,idempotencyMiddleware
FNDA:13,(anonymous_2)
FNDA:11,(anonymous_3)
FNDA:0,(anonymous_4)
DA:25,5
DA:26,5
DA:28,5
DA:29,5
DA:30,5
DA:38,13
DA:46,5
DA:51,26
DA:54,26
DA:55,8
DA:56,8
DA:59,18
DA:61,18
DA:62,5
DA:70,5
DA:73,13
DA:74,13
DA:77,13
DA:78,13
DA:79,13
DA:81,13
DA:82,2
DA:86,2
DA:87,2
DA:88,2
DA:92,0
DA:98,11
DA:99,11
DA:101,11
DA:102,7
DA:105,0
DA:110,11
DA:113,11
LF:33
LH:31
BRDA:54,0,0,8
BRDA:59,1,0,0
BRDA:59,1,1,18
BRDA:61,2,0,5
BRDA:61,3,0,18
BRDA:61,3,1,18
BRDA:81,4,0,2
BRDA:93,5,0,0
BRDA:93,5,1,0
BRDA:101,6,0,7
BRDA:101,7,0,11
BRDA:101,7,1,11
BRDA:106,8,0,0
BRDA:106,8,1,0
BRF:14
BRH:9
end_of_record
TN:
SF:src\middleware\rateLimit.ts
FN:43,getClientIp
FN:55,buildKey
FN:66,createRateLimiter
FN:69,rateLimitMiddleware
FNF:4
FNH:4
FNDA:46,getClientIp
FNDA:46,buildKey
FNDA:38,createRateLimiter
FNDA:46,rateLimitMiddleware
DA:22,5
DA:23,5
DA:34,5
DA:44,46
DA:45,46
DA:46,8
DA:47,8
DA:49,38
DA:56,46
DA:57,46
DA:66,5
DA:67,38
DA:69,38
DA:74,46
DA:75,46
DA:76,46
DA:78,46
DA:79,46
DA:80,46
DA:82,46
DA:83,9
DA:84,9
DA:85,9
DA:86,9
DA:87,9
DA:89,9
DA:91,9
DA:99,9
DA:103,37
DA:105,37
DA:106,37
DA:107,37
DA:110,0
DA:115,37
LF:34
LH:33
BRDA:45,0,0,8
BRDA:47,1,0,8
BRDA:49,2,0,38
BRDA:49,2,1,0
BRDA:66,3,0,0
BRDA:76,4,0,46
BRDA:76,4,1,0
BRDA:80,5,0,46
BRDA:80,5,1,32
BRDA:82,6,0,9
BRDA:111,7,0,0
BRDA:111,7,1,0
BRF:12
BRH:7
end_of_record
TN:
SF:src\middleware\requestLogger.ts
FN:14,requestLoggerMiddleware
FN:24,(anonymous_1)
FNF:2
FNH:2
FNDA:31,requestLoggerMiddleware
FNDA:31,(anonymous_1)
DA:12,4
DA:14,4
DA:15,31
DA:16,31
DA:18,31
DA:24,31
DA:25,31
DA:33,31
LF:8
LH:8
BRF:0
BRH:0
end_of_record
TN:
SF:src\routes\health.ts
FN:17,(anonymous_1)
FNF:1
FNH:1
FNDA:18,(anonymous_1)
DA:1,4
DA:3,4
DA:4,4
DA:6,4
DA:17,4
DA:18,18
DA:19,18
DA:22,18
DA:23,18
DA:24,18
DA:26,18
DA:28,18
LF:12
LH:12
BRDA:19,0,0,18
BRDA:19,0,1,18
BRDA:24,1,0,0
BRDA:24,1,1,18
BRDA:26,2,0,0
BRDA:26,2,1,18
BRF:6
BRH:4
end_of_record
TN:
SF:src\routes\streams.ts
FN:28,setStreamsCache
FN:32,getCache
FN:38,(anonymous_3)
FN:58,(anonymous_4)
FN:70,(anonymous_5)
FN:80,(anonymous_6)
FN:103,(anonymous_7)
FN:147,(anonymous_8)
FN:150,(anonymous_9)
FNF:9
FNH:9
FNDA:158,setStreamsCache
FNDA:70,getCache
FNDA:25,(anonymous_3)
FNDA:13,(anonymous_4)
FNDA:40,(anonymous_5)
FNDA:73,(anonymous_6)
FNDA:18,(anonymous_7)
FNDA:13,(anonymous_8)
FNDA:77,(anonymous_9)
DA:1,6
DA:3,6
DA:4,6
DA:5,6
DA:6,6
DA:8,6
DA:10,6
DA:23,6
DA:25,6
DA:28,6
DA:29,158
DA:33,70
DA:36,6
DA:39,25
DA:40,25
DA:41,25
DA:42,25
DA:43,6
DA:44,6
DA:45,6
DA:46,6
DA:48,19
DA:49,19
DA:50,19
DA:51,19
DA:52,19
DA:56,6
DA:59,13
DA:60,13
DA:61,13
DA:62,13
DA:63,13
DA:64,6
DA:65,6
DA:66,6
DA:67,6
DA:69,7
DA:70,40
DA:71,7
DA:72,2
DA:73,2
DA:74,2
DA:78,6
DA:81,73
DA:82,73
DA:83,73
DA:84,73
DA:85,73
DA:86,16
DA:88,57
DA:89,4
DA:91,53
DA:95,53
DA:96,15
DA:97,18
DA:99,15
DA:103,18
DA:106,38
DA:107,38
DA:108,38
DA:109,37
DA:111,35
DA:112,35
DA:113,35
DA:114,34
DA:116,33
DA:117,33
DA:118,7
DA:119,5
DA:121,2
DA:123,28
DA:124,28
DA:125,4
DA:126,3
DA:128,1
DA:130,25
DA:131,25
DA:136,25
DA:137,25
DA:138,25
DA:139,25
DA:140,25
DA:141,25
DA:145,6
DA:148,13
DA:149,13
DA:150,77
DA:151,13
DA:152,11
DA:153,11
DA:154,11
DA:155,4
DA:157,7
DA:158,0
DA:160,7
DA:161,7
DA:162,7
DA:163,7
DA:164,7
LF:99
LH:98
BRDA:33,0,0,70
BRDA:33,0,1,9
BRDA:42,1,0,6
BRDA:61,2,0,13
BRDA:61,2,1,0
BRDA:63,3,0,6
BRDA:71,4,0,5
BRDA:85,5,0,16
BRDA:85,6,0,73
BRDA:85,6,1,66
BRDA:88,7,0,4
BRDA:88,8,0,57
BRDA:88,8,1,54
BRDA:95,9,0,15
BRDA:97,10,0,18
BRDA:97,10,1,0
BRDA:107,11,0,37
BRDA:107,11,1,1
BRDA:107,12,0,38
BRDA:107,12,1,37
BRDA:108,13,0,37
BRDA:108,14,0,38
BRDA:108,14,1,37
BRDA:109,15,0,3
BRDA:112,16,0,34
BRDA:112,16,1,1
BRDA:112,17,0,35
BRDA:112,17,1,34
BRDA:113,18,0,34
BRDA:113,19,0,35
BRDA:113,19,1,34
BRDA:114,20,0,2
BRDA:117,21,0,7
BRDA:118,22,0,5
BRDA:118,23,0,7
BRDA:118,23,1,6
BRDA:118,23,2,4
BRDA:124,24,0,4
BRDA:125,25,0,3
BRDA:125,26,0,4
BRDA:125,26,1,3
BRDA:125,26,2,2
BRDA:151,27,0,2
BRDA:153,28,0,0
BRDA:154,29,0,4
BRDA:157,30,0,0
BRDA:163,31,0,7
BRDA:163,31,1,0
BRF:48
BRH:43
end_of_record
