TN:
SF:src\app.ts
FN:20,createApp
FN:31,(anonymous_1)
FN:40,(anonymous_2)
FNF:3
FNH:2
FNDA:3,createApp
FNDA:0,(anonymous_1)
FNDA:1,(anonymous_2)
DA:21,3
DA:23,3
DA:24,3
DA:25,3
DA:26,3
DA:28,3
DA:29,3
DA:31,3
DA:32,0
DA:39,3
DA:40,1
DA:41,1
DA:45,3
DA:46,3
DA:48,3
DA:51,2
LF:16
LH:15
BRDA:20,0,0,2
BRDA:39,1,0,1
BRF:2
BRH:2
end_of_record
TN:
SF:src\errors.ts
FN:11,(anonymous_0)
FN:26,requestIdMiddleware
FN:33,notFoundHandler
FN:37,normalizeExpressError
FN:56,errorHandler
FNF:5
FNH:5
FNDA:5,(anonymous_0)
FNDA:38,requestIdMiddleware
FNDA:1,notFoundHandler
FNDA:5,normalizeExpressError
FNDA:5,errorHandler
DA:18,5
DA:19,5
DA:20,5
DA:21,5
DA:22,5
DA:27,38
DA:28,38
DA:29,38
DA:30,38
DA:34,1
DA:38,5
DA:40,5
DA:41,1
DA:43,4
DA:44,1
DA:46,3
DA:49,2
DA:50,1
DA:53,1
DA:62,5
DA:63,5
DA:65,5
DA:75,5
DA:76,1
DA:78,4
DA:81,5
DA:87,5
DA:88,0
DA:91,5
LF:29
LH:28
BRDA:16,0,0,3
BRDA:27,1,0,38
BRDA:27,1,1,38
BRDA:40,2,0,1
BRDA:43,3,0,1
BRDA:43,4,0,4
BRDA:43,4,1,3
BRDA:46,5,0,1
BRDA:49,6,0,1
BRDA:71,7,0,5
BRDA:71,7,1,0
BRDA:75,8,0,1
BRDA:75,8,1,4
BRDA:87,9,0,0
BRF:14
BRH:12
end_of_record
TN:
SF:src\config\env.ts
FN:52,(anonymous_0)
FN:61,parseIntEnv
FN:83,parseBoolEnv
FN:91,requireEnv
FN:102,validateUrl
FN:115,loadConfig
FN:178,getConfig
FN:189,initializeConfig
FN:201,resetConfig
FNF:9
FNH:9
FNDA:12,(anonymous_0)
FNDA:53,parseIntEnv
FNDA:56,parseBoolEnv
FNDA:5,requireEnv
FNDA:58,validateUrl
FNDA:25,loadConfig
FNDA:2,getConfig
FNDA:4,initializeConfig
FNDA:53,resetConfig
DA:53,12
DA:54,12
DA:62,53
DA:64,8
DA:65,8
DA:66,2
DA:69,6
DA:70,2
DA:73,4
DA:74,1
DA:77,3
DA:84,56
DA:85,2
DA:92,5
DA:93,5
DA:94,3
DA:96,2
DA:103,58
DA:104,58
DA:105,55
DA:107,3
DA:116,25
DA:119,25
DA:121,25
DA:125,21
DA:126,21
DA:131,20
DA:135,20
DA:136,0
DA:139,20
DA:141,20
DA:166,14
DA:172,1
DA:179,2
DA:180,1
DA:182,1
DA:190,4
DA:191,1
DA:194,3
DA:195,2
DA:202,53
LF:41
LH:40
BRDA:62,0,0,45
BRDA:65,1,0,2
BRDA:69,2,0,2
BRDA:69,3,0,6
BRDA:69,3,1,6
BRDA:73,4,0,1
BRDA:73,5,0,4
BRDA:73,5,1,4
BRDA:84,6,0,54
BRDA:85,7,0,2
BRDA:85,7,1,1
BRDA:93,8,0,3
BRDA:116,9,0,25
BRDA:116,9,1,0
BRDA:121,10,0,4
BRDA:121,10,1,21
BRDA:123,11,0,21
BRDA:123,11,1,20
BRDA:125,12,0,21
BRDA:125,12,1,20
BRDA:127,13,0,21
BRDA:127,13,1,20
BRDA:131,14,0,1
BRDA:131,14,1,19
BRDA:133,15,0,19
BRDA:133,15,1,18
BRDA:135,16,0,0
BRDA:135,17,0,20
BRDA:135,17,1,1
BRDA:139,18,0,20
BRDA:139,18,1,19
BRDA:157,19,0,14
BRDA:157,19,1,14
BRDA:159,20,0,14
BRDA:159,20,1,13
BRDA:179,21,0,1
BRDA:190,22,0,1
BRF:37
BRH:35
end_of_record
TN:
SF:src\config\health.ts
FN:43,(anonymous_0)
FN:51,(anonymous_1)
FN:63,(anonymous_2)
FN:65,(anonymous_3)
FN:84,(anonymous_4)
FN:120,(anonymous_5)
FN:121,(anonymous_6)
FN:137,(anonymous_7)
FN:155,createDatabaseHealthChecker
FN:158,(anonymous_9)
FN:169,createRedisHealthChecker
FN:172,(anonymous_11)
FN:175,(anonymous_12)
FN:193,createHorizonHealthChecker
FN:196,(anonymous_14)
FN:200,(anonymous_15)
FNF:16
FNH:15
FNDA:16,(anonymous_0)
FNDA:17,(anonymous_1)
FNDA:10,(anonymous_2)
FNDA:13,(anonymous_3)
FNDA:13,(anonymous_4)
FNDA:14,(anonymous_5)
FNDA:18,(anonymous_6)
FNDA:4,(anonymous_7)
FNDA:1,createDatabaseHealthChecker
FNDA:1,(anonymous_9)
FNDA:1,createRedisHealthChecker
FNDA:1,(anonymous_11)
FNDA:1,(anonymous_12)
FNDA:1,createHorizonHealthChecker
FNDA:1,(anonymous_14)
FNDA:0,(anonymous_15)
DA:44,16
DA:45,16
DA:46,16
DA:52,17
DA:53,17
DA:64,10
DA:65,13
DA:68,10
DA:69,10
DA:70,10
DA:72,10
DA:85,13
DA:86,13
DA:87,13
DA:88,12
DA:90,12
DA:98,12
DA:99,12
DA:101,1
DA:102,1
DA:104,1
DA:112,1
DA:113,1
DA:121,18
DA:123,14
DA:124,4
DA:127,10
DA:128,0
DA:131,10
DA:138,4
DA:139,4
DA:140,4
DA:142,4
DA:156,1
DA:161,1
DA:170,1
DA:173,1
DA:174,1
DA:175,1
DA:176,1
DA:177,1
DA:181,0
DA:194,1
DA:197,1
DA:198,1
DA:199,1
DA:200,1
DA:202,1
DA:203,1
DA:207,1
DA:209,1
DA:210,0
DA:216,1
DA:218,1
DA:221,0
LF:55
LH:51
BRDA:92,0,0,3
BRDA:92,0,1,9
BRDA:102,1,0,1
BRDA:102,1,1,0
BRDA:123,2,0,4
BRDA:127,3,0,0
BRDA:175,4,0,1
BRDA:175,4,1,1
BRDA:177,5,0,0
BRDA:177,5,1,1
BRDA:183,6,0,0
BRDA:183,6,1,0
BRDA:209,7,0,0
BRDA:223,8,0,0
BRDA:223,8,1,0
BRF:15
BRH:7
end_of_record
TN:
SF:src\config\logger.ts
FN:40,(anonymous_0)
FN:47,(anonymous_1)
FN:54,(anonymous_2)
FN:72,(anonymous_3)
FN:79,(anonymous_4)
FN:86,(anonymous_5)
FN:93,(anonymous_6)
FN:114,(anonymous_7)
FN:121,(anonymous_8)
FN:130,(anonymous_9)
FN:135,(anonymous_10)
FN:139,(anonymous_11)
FN:143,(anonymous_12)
FN:147,(anonymous_13)
FN:160,initializeLogger
FN:172,getLogger
FN:182,resetLogger
FNF:17
FNH:15
FNDA:24,(anonymous_0)
FNDA:19,(anonymous_1)
FNDA:19,(anonymous_2)
FNDA:4,(anonymous_3)
FNDA:9,(anonymous_4)
FNDA:2,(anonymous_5)
FNDA:4,(anonymous_6)
FNDA:5,(anonymous_7)
FNDA:1,(anonymous_8)
FNDA:5,(anonymous_9)
FNDA:0,(anonymous_10)
FNDA:3,(anonymous_11)
FNDA:0,(anonymous_12)
FNDA:1,(anonymous_13)
FNDA:5,initializeLogger
FNDA:3,getLogger
FNDA:48,resetLogger
DA:33,24
DA:41,24
DA:48,19
DA:55,19
DA:56,3
DA:59,16
DA:65,16
DA:66,16
DA:73,4
DA:80,9
DA:87,2
DA:94,4
DA:102,4
DA:115,5
DA:122,1
DA:131,5
DA:132,5
DA:136,0
DA:140,3
DA:144,0
DA:148,1
DA:155,1
DA:161,5
DA:162,1
DA:165,4
DA:166,4
DA:173,3
DA:174,2
DA:176,3
DA:183,48
LF:30
LH:28
BRDA:40,0,0,1
BRDA:55,1,0,3
BRDA:65,2,0,4
BRDA:65,2,1,12
BRDA:65,3,0,2
BRDA:65,3,1,10
BRDA:73,4,0,0
BRDA:73,4,1,4
BRDA:80,5,0,4
BRDA:80,5,1,5
BRDA:87,6,0,0
BRDA:87,6,1,2
BRDA:94,7,0,2
BRDA:94,7,1,2
BRDA:98,8,0,2
BRDA:98,8,1,0
BRDA:106,9,0,1
BRDA:106,9,1,3
BRDA:107,10,0,2
BRDA:107,10,1,2
BRDA:160,11,0,0
BRDA:161,12,0,1
BRDA:173,13,0,2
BRF:23
BRH:19
end_of_record
TN:
SF:src\config\validation.ts
FN:14,(anonymous_0)
FN:27,validateStellarAddress
FN:47,validateAmount
FN:86,validateRatePerSecond
FN:113,validateTimestamp
FN:146,validateCreateStreamRequest
FN:186,validateStreamId
FNF:7
FNH:7
FNDA:21,(anonymous_0)
FNDA:14,validateStellarAddress
FNDA:11,validateAmount
FNDA:7,validateRatePerSecond
FNDA:8,validateTimestamp
FNDA:5,validateCreateStreamRequest
FNDA:4,validateStreamId
DA:16,21
DA:17,21
DA:19,21
DA:20,21
DA:28,14
DA:29,2
DA:33,12
DA:34,3
DA:41,9
DA:48,11
DA:50,11
DA:51,1
DA:55,10
DA:56,2
DA:63,8
DA:66,8
DA:67,1
DA:71,7
DA:72,7
DA:73,1
DA:80,6
DA:87,7
DA:89,7
DA:90,0
DA:93,7
DA:94,2
DA:101,5
DA:103,5
DA:104,1
DA:107,4
DA:114,8
DA:116,8
DA:117,1
DA:121,7
DA:122,7
DA:124,7
DA:125,1
DA:132,6
DA:147,5
DA:148,1
DA:151,4
DA:153,4
DA:154,4
DA:156,4
DA:157,1
DA:160,3
DA:161,3
DA:162,3
DA:165,3
DA:166,3
DA:168,3
DA:169,1
DA:174,2
DA:187,4
DA:188,1
DA:191,3
DA:192,2
DA:199,1
LF:58
LH:57
BRDA:27,0,0,6
BRDA:28,1,0,2
BRDA:28,2,0,14
BRDA:28,2,1,12
BRDA:33,3,0,3
BRDA:47,4,0,8
BRDA:50,5,0,1
BRDA:55,6,0,2
BRDA:66,7,0,1
BRDA:72,8,0,1
BRDA:86,9,0,4
BRDA:89,10,0,0
BRDA:93,11,0,2
BRDA:103,12,0,1
BRDA:113,13,0,5
BRDA:114,14,0,2
BRDA:114,14,1,6
BRDA:116,15,0,1
BRDA:124,16,0,1
BRDA:147,17,0,1
BRDA:147,18,0,5
BRDA:147,18,1,5
BRDA:153,19,0,4
BRDA:153,19,1,0
BRDA:154,20,0,4
BRDA:154,20,1,0
BRDA:156,21,0,1
BRDA:160,22,0,3
BRDA:160,22,1,0
BRDA:161,23,0,3
BRDA:161,23,1,0
BRDA:162,24,0,3
BRDA:162,24,1,0
BRDA:168,25,0,1
BRDA:186,26,0,4
BRDA:187,27,0,1
BRDA:187,28,0,4
BRDA:187,28,1,3
BRDA:191,29,0,2
BRF:39
BRH:33
end_of_record
TN:
SF:src\indexer\stall.ts
FN:27,toTimestamp
FN:35,assessIndexerHealth
FNF:2
FNH:2
FNDA:4,toTimestamp
FNDA:10,assessIndexerHealth
DA:1,3
DA:28,4
DA:29,4
DA:31,4
DA:32,4
DA:38,10
DA:39,10
DA:41,10
DA:42,7
DA:54,3
DA:55,1
DA:67,2
DA:68,2
DA:70,2
DA:71,0
DA:83,2
DA:84,2
DA:86,2
DA:87,1
DA:99,1
LF:20
LH:19
BRDA:28,0,0,0
BRDA:29,1,0,0
BRDA:32,2,0,0
BRDA:32,2,1,4
BRDA:36,3,0,0
BRDA:38,4,0,10
BRDA:38,4,1,8
BRDA:39,5,0,10
BRDA:39,5,1,0
BRDA:41,6,0,7
BRDA:54,7,0,1
BRDA:68,8,0,2
BRDA:68,8,1,0
BRDA:68,9,0,2
BRDA:68,9,1,0
BRDA:70,10,0,0
BRDA:86,11,0,1
BRF:17
BRH:9
end_of_record
TN:
SF:src\lib\logger.ts
FN:22,write
FN:41,(anonymous_1)
FN:44,(anonymous_2)
FN:47,(anonymous_3)
FN:50,(anonymous_4)
FNF:5
FNH:5
FNDA:33,write
FNDA:1,(anonymous_1)
FNDA:24,(anonymous_2)
FNDA:7,(anonymous_3)
FNDA:1,(anonymous_4)
DA:25,33
DA:32,33
DA:33,33
DA:34,1
DA:36,32
DA:40,7
DA:42,1
DA:45,24
DA:48,7
DA:51,1
LF:10
LH:10
BRDA:30,0,0,26
BRDA:30,0,1,7
BRDA:33,1,0,1
BRDA:33,1,1,32
BRF:4
BRH:4
end_of_record
TN:
SF:src\middleware\correlationId.ts
FN:24,correlationIdMiddleware
FNF:1
FNH:1
FNDA:44,correlationIdMiddleware
DA:22,4
DA:25,44
DA:27,44
DA:31,44
DA:32,44
DA:33,44
LF:6
LH:6
BRDA:27,0,0,1
BRDA:27,0,1,43
BRDA:27,1,0,44
BRDA:27,1,1,1
BRF:4
BRH:4
end_of_record
TN:
SF:src\middleware\errorHandler.ts
FN:9,(anonymous_0)
FN:20,(anonymous_1)
FN:31,errorHandler
FN:48,asyncHandler
FN:49,(anonymous_4)
FN:52,notFound
FN:56,validationError
FN:60,conflictError
FN:64,serviceUnavailable
FNF:9
FNH:9
FNDA:4,(anonymous_0)
FNDA:20,(anonymous_1)
FNDA:15,errorHandler
FNDA:18,asyncHandler
FNDA:36,(anonymous_4)
FNDA:3,notFound
FNDA:8,validationError
FNDA:1,conflictError
FNDA:1,serviceUnavailable
DA:9,4
DA:10,4
DA:11,4
DA:12,4
DA:13,4
DA:14,4
DA:15,4
DA:16,4
DA:21,20
DA:23,20
DA:24,20
DA:26,20
DA:27,20
DA:32,15
DA:33,15
DA:34,1
DA:35,1
DA:36,1
DA:38,14
DA:39,12
DA:40,12
DA:41,12
DA:43,2
DA:44,2
DA:45,2
DA:49,36
DA:53,3
DA:57,8
DA:61,1
DA:65,1
LF:30
LH:30
BRDA:9,0,0,4
BRDA:9,0,1,4
BRDA:23,1,0,0
BRDA:33,2,0,1
BRDA:34,3,0,1
BRDA:34,3,1,0
BRDA:38,4,0,12
BRDA:43,5,0,1
BRDA:43,5,1,1
BRDA:53,6,0,2
BRDA:53,6,1,1
BRF:11
BRH:9
end_of_record
TN:
SF:src\middleware\idempotency.ts
FN:37,buildIdempotencyKey
FN:46,idempotencyMiddleware
FN:77,(anonymous_2)
FN:99,(anonymous_3)
FN:104,(anonymous_4)
FNF:5
FNH:4
FNDA:8,buildIdempotencyKey
FNDA:12,idempotencyMiddleware
FNDA:8,(anonymous_2)
FNDA:7,(anonymous_3)
FNDA:0,(anonymous_4)
DA:28,3
DA:29,3
DA:30,3
DA:38,8
DA:51,12
DA:54,12
DA:55,2
DA:56,2
DA:59,10
DA:61,10
DA:62,2
DA:70,2
DA:73,8
DA:74,8
DA:77,8
DA:78,8
DA:79,8
DA:81,7
DA:82,1
DA:86,1
DA:87,1
DA:88,1
DA:92,1
DA:98,7
DA:99,7
DA:101,7
DA:102,5
DA:105,0
DA:110,7
DA:113,7
LF:30
LH:29
BRDA:54,0,0,2
BRDA:59,1,0,0
BRDA:59,1,1,10
BRDA:61,2,0,2
BRDA:61,3,0,10
BRDA:61,3,1,10
BRDA:81,4,0,1
BRDA:93,5,0,1
BRDA:93,5,1,0
BRDA:101,6,0,5
BRDA:101,7,0,7
BRDA:101,7,1,7
BRDA:106,8,0,0
BRDA:106,8,1,0
BRF:14
BRH:10
end_of_record
TN:
SF:src\middleware\rateLimit.ts
FN:43,getClientIp
FN:55,buildKey
FN:66,createRateLimiter
FN:69,rateLimitMiddleware
FNF:4
FNH:4
FNDA:15,getClientIp
FNDA:15,buildKey
FNDA:11,createRateLimiter
FNDA:15,rateLimitMiddleware
DA:34,3
DA:44,15
DA:45,15
DA:46,3
DA:47,3
DA:49,12
DA:56,15
DA:57,15
DA:67,11
DA:69,11
DA:74,15
DA:75,15
DA:76,15
DA:78,15
DA:79,15
DA:80,14
DA:82,14
DA:83,4
DA:84,4
DA:85,4
DA:86,4
DA:87,4
DA:89,4
DA:91,4
DA:99,4
DA:103,10
DA:105,10
DA:106,10
DA:107,10
DA:110,1
DA:115,11
LF:31
LH:31
BRDA:45,0,0,3
BRDA:47,1,0,3
BRDA:49,2,0,12
BRDA:49,2,1,0
BRDA:66,3,0,0
BRDA:76,4,0,15
BRDA:76,4,1,0
BRDA:80,5,0,14
BRDA:80,5,1,10
BRDA:82,6,0,4
BRDA:111,7,0,1
BRDA:111,7,1,0
BRF:12
BRH:8
end_of_record
TN:
SF:src\middleware\requestLogger.ts
FN:14,requestLoggerMiddleware
FN:24,(anonymous_1)
FNF:2
FNH:2
FNDA:9,requestLoggerMiddleware
FNDA:9,(anonymous_1)
DA:15,9
DA:16,9
DA:18,9
DA:24,9
DA:25,9
DA:33,9
LF:6
LH:6
BRF:0
BRH:0
end_of_record
TN:
SF:src\routes\health.ts
FN:17,(anonymous_0)
FNF:1
FNH:1
FNDA:6,(anonymous_0)
DA:6,2
DA:17,2
DA:18,6
DA:19,6
DA:22,6
DA:23,6
DA:24,6
DA:26,6
DA:28,6
LF:9
LH:9
BRDA:19,0,0,6
BRDA:19,0,1,6
BRDA:24,1,0,5
BRDA:24,1,1,1
BRDA:26,2,0,0
BRDA:26,2,1,6
BRF:6
BRH:5
end_of_record
TN:
SF:src\routes\streams.ts
FN:28,setStreamsCache
FN:32,getCache
FN:38,(anonymous_2)
FN:58,(anonymous_3)
FN:70,(anonymous_4)
FN:80,(anonymous_5)
FN:103,(anonymous_6)
FN:147,(anonymous_7)
FN:150,(anonymous_8)
FNF:9
FNH:9
FNDA:37,setStreamsCache
FNDA:21,getCache
FNDA:5,(anonymous_2)
FNDA:5,(anonymous_3)
FNDA:12,(anonymous_4)
FNDA:17,(anonymous_5)
FNDA:1,(anonymous_6)
FNDA:3,(anonymous_7)
FNDA:14,(anonymous_8)
DA:8,3
DA:10,3
DA:23,3
DA:25,3
DA:29,37
DA:33,21
DA:36,3
DA:39,5
DA:40,5
DA:41,5
DA:42,5
DA:43,1
DA:44,1
DA:45,1
DA:46,1
DA:48,4
DA:49,4
DA:50,4
DA:51,4
DA:52,4
DA:56,3
DA:59,5
DA:60,5
DA:61,5
DA:62,5
DA:63,5
DA:64,2
DA:65,2
DA:66,2
DA:67,2
DA:69,3
DA:70,12
DA:71,3
DA:72,2
DA:73,2
DA:74,2
DA:78,3
DA:81,17
DA:82,17
DA:83,17
DA:84,17
DA:85,17
DA:86,1
DA:88,16
DA:89,2
DA:91,14
DA:95,14
DA:96,1
DA:97,1
DA:99,1
DA:103,1
DA:106,13
DA:107,13
DA:108,13
DA:109,12
DA:111,12
DA:112,12
DA:113,12
DA:114,11
DA:116,11
DA:117,11
DA:118,2
DA:119,1
DA:121,1
DA:123,10
DA:124,10
DA:125,2
DA:126,1
DA:128,1
DA:130,9
DA:131,9
DA:136,9
DA:137,9
DA:138,9
DA:139,9
DA:140,9
DA:141,9
DA:145,3
DA:148,3
DA:149,3
DA:150,14
DA:151,3
DA:152,3
DA:153,3
DA:154,3
DA:155,1
DA:157,2
DA:158,0
DA:160,2
DA:161,2
DA:162,2
DA:163,2
DA:164,2
LF:93
LH:92
BRDA:33,0,0,21
BRDA:33,0,1,0
BRDA:42,1,0,1
BRDA:61,2,0,5
BRDA:61,2,1,0
BRDA:63,3,0,2
BRDA:71,4,0,1
BRDA:85,5,0,1
BRDA:85,6,0,17
BRDA:85,6,1,17
BRDA:88,7,0,2
BRDA:88,8,0,16
BRDA:88,8,1,15
BRDA:95,9,0,1
BRDA:97,10,0,1
BRDA:97,10,1,0
BRDA:107,11,0,12
BRDA:107,11,1,1
BRDA:107,12,0,13
BRDA:107,12,1,12
BRDA:108,13,0,12
BRDA:108,14,0,13
BRDA:108,14,1,12
BRDA:109,15,0,1
BRDA:112,16,0,11
BRDA:112,16,1,1
BRDA:112,17,0,12
BRDA:112,17,1,11
BRDA:113,18,0,11
BRDA:113,19,0,12
BRDA:113,19,1,11
BRDA:114,20,0,1
BRDA:117,21,0,2
BRDA:118,22,0,1
BRDA:118,23,0,2
BRDA:118,23,1,2
BRDA:118,23,2,2
BRDA:124,24,0,2
BRDA:125,25,0,1
BRDA:125,26,0,2
BRDA:125,26,1,2
BRDA:125,26,2,2
BRDA:151,27,0,0
BRDA:153,28,0,0
BRDA:154,29,0,1
BRDA:157,30,0,0
BRDA:163,31,0,2
BRDA:163,31,1,0
BRF:48
BRH:41
end_of_record
